<?xml version="1.0" encoding="UTF-8"?>
<coverage generated="1770896545">
  <project timestamp="1770896545" name="Clover Coverage">
    <package name="PhpHive\Cli\AppTypes">
      <file name="/Users/akouta/Projects/mono-php/cli/src/AppTypes/AbstractAppType.php">
        <class name="PhpHive\Cli\AppTypes\AbstractAppType" namespace="PhpHive\Cli\AppTypes">
          <metrics complexity="8" methods="7" coveredmethods="0" conditionals="0" coveredconditionals="0" statements="17" coveredstatements="0" elements="24" coveredelements="0"/>
        </class>
        <line num="106" type="method" name="getPreInstallCommands" visibility="public" complexity="1" crap="2" count="0"/>
        <line num="108" type="stmt" count="0"/>
        <line num="135" type="method" name="filesystem" visibility="protected" complexity="2" crap="6" count="0"/>
        <line num="137" type="stmt" count="0"/>
        <line num="138" type="stmt" count="0"/>
        <line num="141" type="stmt" count="0"/>
        <line num="157" type="method" name="getBaseStubPath" visibility="protected" complexity="1" crap="2" count="0"/>
        <line num="160" type="stmt" count="0"/>
        <line num="184" type="method" name="normalizeAppName" visibility="protected" complexity="1" crap="2" count="0"/>
        <line num="188" type="stmt" count="0"/>
        <line num="215" type="method" name="nameToNamespace" visibility="protected" complexity="1" crap="2" count="0"/>
        <line num="219" type="stmt" count="0"/>
        <line num="256" type="method" name="getCommonStubVariables" visibility="protected" complexity="1" crap="2" count="0"/>
        <line num="259" type="stmt" count="0"/>
        <line num="262" type="stmt" count="0"/>
        <line num="264" type="stmt" count="0"/>
        <line num="266" type="stmt" count="0"/>
        <line num="268" type="stmt" count="0"/>
        <line num="270" type="stmt" count="0"/>
        <line num="272" type="stmt" count="0"/>
        <line num="274" type="stmt" count="0"/>
        <line num="275" type="stmt" count="0"/>
        <line num="295" type="method" name="composerService" visibility="protected" complexity="1" crap="2" count="0"/>
        <line num="297" type="stmt" count="0"/>
        <metrics loc="300" ncloc="72" classes="1" methods="7" coveredmethods="0" conditionals="0" coveredconditionals="0" statements="17" coveredstatements="0" elements="24" coveredelements="0"/>
      </file>
      <file name="/Users/akouta/Projects/mono-php/cli/src/AppTypes/LaravelAppType.php">
        <class name="PhpHive\Cli\AppTypes\LaravelAppType" namespace="PhpHive\Cli\AppTypes">
          <metrics complexity="13" methods="7" coveredmethods="0" conditionals="0" coveredconditionals="0" statements="100" coveredstatements="0" elements="107" coveredelements="0"/>
        </class>
        <line num="62" type="method" name="getName" visibility="public" complexity="1" crap="2" count="0"/>
        <line num="64" type="stmt" count="0"/>
        <line num="75" type="method" name="getDescription" visibility="public" complexity="1" crap="2" count="0"/>
        <line num="77" type="stmt" count="0"/>
        <line num="102" type="method" name="collectConfiguration" visibility="public" complexity="1" crap="2" count="0"/>
        <line num="105" type="stmt" count="0"/>
        <line num="106" type="stmt" count="0"/>
        <line num="109" type="stmt" count="0"/>
        <line num="116" type="stmt" count="0"/>
        <line num="117" type="stmt" count="0"/>
        <line num="118" type="stmt" count="0"/>
        <line num="119" type="stmt" count="0"/>
        <line num="120" type="stmt" count="0"/>
        <line num="123" type="stmt" count="0"/>
        <line num="124" type="stmt" count="0"/>
        <line num="125" type="stmt" count="0"/>
        <line num="126" type="stmt" count="0"/>
        <line num="127" type="stmt" count="0"/>
        <line num="137" type="stmt" count="0"/>
        <line num="138" type="stmt" count="0"/>
        <line num="139" type="stmt" count="0"/>
        <line num="140" type="stmt" count="0"/>
        <line num="141" type="stmt" count="0"/>
        <line num="142" type="stmt" count="0"/>
        <line num="143" type="stmt" count="0"/>
        <line num="144" type="stmt" count="0"/>
        <line num="145" type="stmt" count="0"/>
        <line num="148" type="stmt" count="0"/>
        <line num="158" type="stmt" count="0"/>
        <line num="159" type="stmt" count="0"/>
        <line num="160" type="stmt" count="0"/>
        <line num="161" type="stmt" count="0"/>
        <line num="162" type="stmt" count="0"/>
        <line num="163" type="stmt" count="0"/>
        <line num="164" type="stmt" count="0"/>
        <line num="165" type="stmt" count="0"/>
        <line num="166" type="stmt" count="0"/>
        <line num="174" type="stmt" count="0"/>
        <line num="175" type="stmt" count="0"/>
        <line num="176" type="stmt" count="0"/>
        <line num="177" type="stmt" count="0"/>
        <line num="178" type="stmt" count="0"/>
        <line num="179" type="stmt" count="0"/>
        <line num="180" type="stmt" count="0"/>
        <line num="181" type="stmt" count="0"/>
        <line num="182" type="stmt" count="0"/>
        <line num="183" type="stmt" count="0"/>
        <line num="191" type="stmt" count="0"/>
        <line num="192" type="stmt" count="0"/>
        <line num="193" type="stmt" count="0"/>
        <line num="194" type="stmt" count="0"/>
        <line num="198" type="stmt" count="0"/>
        <line num="199" type="stmt" count="0"/>
        <line num="200" type="stmt" count="0"/>
        <line num="201" type="stmt" count="0"/>
        <line num="205" type="stmt" count="0"/>
        <line num="206" type="stmt" count="0"/>
        <line num="207" type="stmt" count="0"/>
        <line num="208" type="stmt" count="0"/>
        <line num="212" type="stmt" count="0"/>
        <line num="213" type="stmt" count="0"/>
        <line num="214" type="stmt" count="0"/>
        <line num="215" type="stmt" count="0"/>
        <line num="217" type="stmt" count="0"/>
        <line num="238" type="method" name="getInstallCommand" visibility="public" complexity="1" crap="2" count="0"/>
        <line num="241" type="stmt" count="0"/>
        <line num="245" type="stmt" count="0"/>
        <line num="267" type="method" name="getPostInstallCommands" visibility="public" complexity="7" crap="56" count="0"/>
        <line num="270" type="stmt" count="0"/>
        <line num="272" type="stmt" count="0"/>
        <line num="273" type="stmt" count="0"/>
        <line num="281" type="stmt" count="0"/>
        <line num="284" type="stmt" count="0"/>
        <line num="288" type="stmt" count="0"/>
        <line num="289" type="stmt" count="0"/>
        <line num="290" type="stmt" count="0"/>
        <line num="291" type="stmt" count="0"/>
        <line num="292" type="stmt" count="0"/>
        <line num="293" type="stmt" count="0"/>
        <line num="301" type="stmt" count="0"/>
        <line num="303" type="stmt" count="0"/>
        <line num="306" type="stmt" count="0"/>
        <line num="311" type="stmt" count="0"/>
        <line num="313" type="stmt" count="0"/>
        <line num="317" type="stmt" count="0"/>
        <line num="326" type="stmt" count="0"/>
        <line num="327" type="stmt" count="0"/>
        <line num="328" type="stmt" count="0"/>
        <line num="333" type="stmt" count="0"/>
        <line num="334" type="stmt" count="0"/>
        <line num="335" type="stmt" count="0"/>
        <line num="340" type="stmt" count="0"/>
        <line num="342" type="stmt" count="0"/>
        <line num="347" type="stmt" count="0"/>
        <line num="348" type="stmt" count="0"/>
        <line num="349" type="stmt" count="0"/>
        <line num="358" type="stmt" count="0"/>
        <line num="360" type="stmt" count="0"/>
        <line num="379" type="method" name="getStubPath" visibility="public" complexity="1" crap="2" count="0"/>
        <line num="382" type="stmt" count="0"/>
        <line num="417" type="method" name="getStubVariables" visibility="public" complexity="1" crap="2" count="0"/>
        <line num="420" type="stmt" count="0"/>
        <line num="423" type="stmt" count="0"/>
        <line num="424" type="stmt" count="0"/>
        <line num="426" type="stmt" count="0"/>
        <line num="429" type="stmt" count="0"/>
        <line num="430" type="stmt" count="0"/>
        <metrics loc="433" ncloc="183" classes="1" methods="7" coveredmethods="0" conditionals="0" coveredconditionals="0" statements="100" coveredstatements="0" elements="107" coveredelements="0"/>
      </file>
      <file name="/Users/akouta/Projects/mono-php/cli/src/AppTypes/MagentoAppType.php">
        <class name="PhpHive\Cli\AppTypes\MagentoAppType" namespace="PhpHive\Cli\AppTypes">
          <metrics complexity="39" methods="8" coveredmethods="0" conditionals="0" coveredconditionals="0" statements="283" coveredstatements="0" elements="291" coveredelements="0"/>
        </class>
        <line num="119" type="method" name="getName" visibility="public" complexity="1" crap="2" count="0"/>
        <line num="121" type="stmt" count="0"/>
        <line num="132" type="method" name="getDescription" visibility="public" complexity="1" crap="2" count="0"/>
        <line num="134" type="stmt" count="0"/>
        <line num="183" type="method" name="collectConfiguration" visibility="public" complexity="20" crap="420" count="0"/>
        <line num="186" type="stmt" count="0"/>
        <line num="187" type="stmt" count="0"/>
        <line num="190" type="stmt" count="0"/>
        <line num="197" type="stmt" count="0"/>
        <line num="200" type="stmt" count="0"/>
        <line num="201" type="stmt" count="0"/>
        <line num="202" type="stmt" count="0"/>
        <line num="203" type="stmt" count="0"/>
        <line num="204" type="stmt" count="0"/>
        <line num="211" type="stmt" count="0"/>
        <line num="212" type="stmt" count="0"/>
        <line num="213" type="stmt" count="0"/>
        <line num="220" type="stmt" count="0"/>
        <line num="221" type="stmt" count="0"/>
        <line num="222" type="stmt" count="0"/>
        <line num="223" type="stmt" count="0"/>
        <line num="224" type="stmt" count="0"/>
        <line num="225" type="stmt" count="0"/>
        <line num="226" type="stmt" count="0"/>
        <line num="227" type="stmt" count="0"/>
        <line num="230" type="stmt" count="0"/>
        <line num="231" type="stmt" count="0"/>
        <line num="232" type="stmt" count="0"/>
        <line num="233" type="stmt" count="0"/>
        <line num="234" type="stmt" count="0"/>
        <line num="235" type="stmt" count="0"/>
        <line num="236" type="stmt" count="0"/>
        <line num="237" type="stmt" count="0"/>
        <line num="238" type="stmt" count="0"/>
        <line num="245" type="stmt" count="0"/>
        <line num="246" type="stmt" count="0"/>
        <line num="247" type="stmt" count="0"/>
        <line num="248" type="stmt" count="0"/>
        <line num="249" type="stmt" count="0"/>
        <line num="252" type="stmt" count="0"/>
        <line num="253" type="stmt" count="0"/>
        <line num="254" type="stmt" count="0"/>
        <line num="255" type="stmt" count="0"/>
        <line num="256" type="stmt" count="0"/>
        <line num="257" type="stmt" count="0"/>
        <line num="260" type="stmt" count="0"/>
        <line num="261" type="stmt" count="0"/>
        <line num="264" type="stmt" count="0"/>
        <line num="267" type="stmt" count="0"/>
        <line num="268" type="stmt" count="0"/>
        <line num="269" type="stmt" count="0"/>
        <line num="271" type="stmt" count="0"/>
        <line num="272" type="stmt" count="0"/>
        <line num="274" type="stmt" count="0"/>
        <line num="278" type="stmt" count="0"/>
        <line num="282" type="stmt" count="0"/>
        <line num="283" type="stmt" count="0"/>
        <line num="284" type="stmt" count="0"/>
        <line num="285" type="stmt" count="0"/>
        <line num="286" type="stmt" count="0"/>
        <line num="294" type="stmt" count="0"/>
        <line num="295" type="stmt" count="0"/>
        <line num="296" type="stmt" count="0"/>
        <line num="297" type="stmt" count="0"/>
        <line num="298" type="stmt" count="0"/>
        <line num="299" type="stmt" count="0"/>
        <line num="302" type="stmt" count="0"/>
        <line num="303" type="stmt" count="0"/>
        <line num="304" type="stmt" count="0"/>
        <line num="305" type="stmt" count="0"/>
        <line num="306" type="stmt" count="0"/>
        <line num="307" type="stmt" count="0"/>
        <line num="310" type="stmt" count="0"/>
        <line num="311" type="stmt" count="0"/>
        <line num="312" type="stmt" count="0"/>
        <line num="313" type="stmt" count="0"/>
        <line num="314" type="stmt" count="0"/>
        <line num="315" type="stmt" count="0"/>
        <line num="318" type="stmt" count="0"/>
        <line num="319" type="stmt" count="0"/>
        <line num="320" type="stmt" count="0"/>
        <line num="321" type="stmt" count="0"/>
        <line num="322" type="stmt" count="0"/>
        <line num="323" type="stmt" count="0"/>
        <line num="326" type="stmt" count="0"/>
        <line num="327" type="stmt" count="0"/>
        <line num="328" type="stmt" count="0"/>
        <line num="329" type="stmt" count="0"/>
        <line num="330" type="stmt" count="0"/>
        <line num="331" type="stmt" count="0"/>
        <line num="338" type="stmt" count="0"/>
        <line num="339" type="stmt" count="0"/>
        <line num="340" type="stmt" count="0"/>
        <line num="341" type="stmt" count="0"/>
        <line num="342" type="stmt" count="0"/>
        <line num="343" type="stmt" count="0"/>
        <line num="346" type="stmt" count="0"/>
        <line num="347" type="stmt" count="0"/>
        <line num="348" type="stmt" count="0"/>
        <line num="349" type="stmt" count="0"/>
        <line num="350" type="stmt" count="0"/>
        <line num="351" type="stmt" count="0"/>
        <line num="352" type="stmt" count="0"/>
        <line num="353" type="stmt" count="0"/>
        <line num="354" type="stmt" count="0"/>
        <line num="355" type="stmt" count="0"/>
        <line num="356" type="stmt" count="0"/>
        <line num="359" type="stmt" count="0"/>
        <line num="360" type="stmt" count="0"/>
        <line num="361" type="stmt" count="0"/>
        <line num="362" type="stmt" count="0"/>
        <line num="363" type="stmt" count="0"/>
        <line num="364" type="stmt" count="0"/>
        <line num="365" type="stmt" count="0"/>
        <line num="366" type="stmt" count="0"/>
        <line num="367" type="stmt" count="0"/>
        <line num="370" type="stmt" count="0"/>
        <line num="371" type="stmt" count="0"/>
        <line num="372" type="stmt" count="0"/>
        <line num="373" type="stmt" count="0"/>
        <line num="374" type="stmt" count="0"/>
        <line num="375" type="stmt" count="0"/>
        <line num="376" type="stmt" count="0"/>
        <line num="377" type="stmt" count="0"/>
        <line num="378" type="stmt" count="0"/>
        <line num="379" type="stmt" count="0"/>
        <line num="380" type="stmt" count="0"/>
        <line num="387" type="stmt" count="0"/>
        <line num="388" type="stmt" count="0"/>
        <line num="389" type="stmt" count="0"/>
        <line num="390" type="stmt" count="0"/>
        <line num="391" type="stmt" count="0"/>
        <line num="398" type="stmt" count="0"/>
        <line num="399" type="stmt" count="0"/>
        <line num="400" type="stmt" count="0"/>
        <line num="401" type="stmt" count="0"/>
        <line num="402" type="stmt" count="0"/>
        <line num="405" type="stmt" count="0"/>
        <line num="406" type="stmt" count="0"/>
        <line num="409" type="stmt" count="0"/>
        <line num="412" type="stmt" count="0"/>
        <line num="413" type="stmt" count="0"/>
        <line num="414" type="stmt" count="0"/>
        <line num="415" type="stmt" count="0"/>
        <line num="423" type="stmt" count="0"/>
        <line num="424" type="stmt" count="0"/>
        <line num="427" type="stmt" count="0"/>
        <line num="428" type="stmt" count="0"/>
        <line num="429" type="stmt" count="0"/>
        <line num="430" type="stmt" count="0"/>
        <line num="432" type="stmt" count="0"/>
        <line num="433" type="stmt" count="0"/>
        <line num="435" type="stmt" count="0"/>
        <line num="436" type="stmt" count="0"/>
        <line num="437" type="stmt" count="0"/>
        <line num="438" type="stmt" count="0"/>
        <line num="439" type="stmt" count="0"/>
        <line num="440" type="stmt" count="0"/>
        <line num="443" type="stmt" count="0"/>
        <line num="444" type="stmt" count="0"/>
        <line num="445" type="stmt" count="0"/>
        <line num="446" type="stmt" count="0"/>
        <line num="447" type="stmt" count="0"/>
        <line num="448" type="stmt" count="0"/>
        <line num="449" type="stmt" count="0"/>
        <line num="450" type="stmt" count="0"/>
        <line num="451" type="stmt" count="0"/>
        <line num="453" type="stmt" count="0"/>
        <line num="454" type="stmt" count="0"/>
        <line num="458" type="stmt" count="0"/>
        <line num="459" type="stmt" count="0"/>
        <line num="462" type="stmt" count="0"/>
        <line num="465" type="stmt" count="0"/>
        <line num="466" type="stmt" count="0"/>
        <line num="467" type="stmt" count="0"/>
        <line num="468" type="stmt" count="0"/>
        <line num="469" type="stmt" count="0"/>
        <line num="473" type="stmt" count="0"/>
        <line num="474" type="stmt" count="0"/>
        <line num="477" type="stmt" count="0"/>
        <line num="480" type="stmt" count="0"/>
        <line num="481" type="stmt" count="0"/>
        <line num="482" type="stmt" count="0"/>
        <line num="483" type="stmt" count="0"/>
        <line num="491" type="stmt" count="0"/>
        <line num="492" type="stmt" count="0"/>
        <line num="493" type="stmt" count="0"/>
        <line num="494" type="stmt" count="0"/>
        <line num="495" type="stmt" count="0"/>
        <line num="498" type="stmt" count="0"/>
        <line num="499" type="stmt" count="0"/>
        <line num="502" type="stmt" count="0"/>
        <line num="505" type="stmt" count="0"/>
        <line num="506" type="stmt" count="0"/>
        <line num="507" type="stmt" count="0"/>
        <line num="508" type="stmt" count="0"/>
        <line num="509" type="stmt" count="0"/>
        <line num="510" type="stmt" count="0"/>
        <line num="513" type="stmt" count="0"/>
        <line num="531" type="method" name="getInstallCommand" visibility="public" complexity="4" crap="20" count="0"/>
        <line num="534" type="stmt" count="0"/>
        <line num="537" type="stmt" count="0"/>
        <line num="540" type="stmt" count="0"/>
        <line num="541" type="stmt" count="0"/>
        <line num="544" type="stmt" count="0"/>
        <line num="545" type="stmt" count="0"/>
        <line num="546" type="stmt" count="0"/>
        <line num="547" type="stmt" count="0"/>
        <line num="551" type="stmt" count="0"/>
        <line num="552" type="stmt" count="0"/>
        <line num="553" type="stmt" count="0"/>
        <line num="556" type="stmt" count="0"/>
        <line num="560" type="stmt" count="0"/>
        <line num="563" type="stmt" count="0"/>
        <line num="609" type="method" name="getPostInstallCommands" visibility="public" complexity="10" crap="110" count="0"/>
        <line num="612" type="stmt" count="0"/>
        <line num="620" type="stmt" count="0"/>
        <line num="624" type="stmt" count="0"/>
        <line num="625" type="stmt" count="0"/>
        <line num="632" type="stmt" count="0"/>
        <line num="640" type="stmt" count="0"/>
        <line num="643" type="stmt" count="0"/>
        <line num="644" type="stmt" count="0"/>
        <line num="645" type="stmt" count="0"/>
        <line num="646" type="stmt" count="0"/>
        <line num="653" type="stmt" count="0"/>
        <line num="654" type="stmt" count="0"/>
        <line num="655" type="stmt" count="0"/>
        <line num="662" type="stmt" count="0"/>
        <line num="663" type="stmt" count="0"/>
        <line num="671" type="stmt" count="0"/>
        <line num="672" type="stmt" count="0"/>
        <line num="673" type="stmt" count="0"/>
        <line num="674" type="stmt" count="0"/>
        <line num="675" type="stmt" count="0"/>
        <line num="678" type="stmt" count="0"/>
        <line num="679" type="stmt" count="0"/>
        <line num="680" type="stmt" count="0"/>
        <line num="684" type="stmt" count="0"/>
        <line num="685" type="stmt" count="0"/>
        <line num="686" type="stmt" count="0"/>
        <line num="687" type="stmt" count="0"/>
        <line num="688" type="stmt" count="0"/>
        <line num="691" type="stmt" count="0"/>
        <line num="692" type="stmt" count="0"/>
        <line num="693" type="stmt" count="0"/>
        <line num="696" type="stmt" count="0"/>
        <line num="699" type="stmt" count="0"/>
        <line num="700" type="stmt" count="0"/>
        <line num="701" type="stmt" count="0"/>
        <line num="702" type="stmt" count="0"/>
        <line num="706" type="stmt" count="0"/>
        <line num="708" type="stmt" count="0"/>
        <line num="715" type="stmt" count="0"/>
        <line num="716" type="stmt" count="0"/>
        <line num="717" type="stmt" count="0"/>
        <line num="718" type="stmt" count="0"/>
        <line num="721" type="stmt" count="0"/>
        <line num="722" type="stmt" count="0"/>
        <line num="723" type="stmt" count="0"/>
        <line num="725" type="stmt" count="0"/>
        <line num="728" type="stmt" count="0"/>
        <line num="729" type="stmt" count="0"/>
        <line num="730" type="stmt" count="0"/>
        <line num="732" type="stmt" count="0"/>
        <line num="735" type="stmt" count="0"/>
        <line num="736" type="stmt" count="0"/>
        <line num="737" type="stmt" count="0"/>
        <line num="739" type="stmt" count="0"/>
        <line num="747" type="stmt" count="0"/>
        <line num="756" type="stmt" count="0"/>
        <line num="764" type="stmt" count="0"/>
        <line num="772" type="stmt" count="0"/>
        <line num="780" type="stmt" count="0"/>
        <line num="781" type="stmt" count="0"/>
        <line num="784" type="stmt" count="0"/>
        <line num="787" type="stmt" count="0"/>
        <line num="790" type="stmt" count="0"/>
        <line num="795" type="stmt" count="0"/>
        <line num="814" type="method" name="getStubPath" visibility="public" complexity="1" crap="2" count="0"/>
        <line num="817" type="stmt" count="0"/>
        <line num="853" type="method" name="getStubVariables" visibility="public" complexity="1" crap="2" count="0"/>
        <line num="856" type="stmt" count="0"/>
        <line num="859" type="stmt" count="0"/>
        <line num="860" type="stmt" count="0"/>
        <line num="862" type="stmt" count="0"/>
        <line num="865" type="stmt" count="0"/>
        <line num="868" type="stmt" count="0"/>
        <line num="869" type="stmt" count="0"/>
        <line num="880" type="method" name="process" visibility="protected" complexity="1" crap="2" count="0"/>
        <line num="882" type="stmt" count="0"/>
        <metrics loc="885" ncloc="462" classes="1" methods="8" coveredmethods="0" conditionals="0" coveredconditionals="0" statements="283" coveredstatements="0" elements="291" coveredelements="0"/>
      </file>
      <file name="/Users/akouta/Projects/mono-php/cli/src/AppTypes/SkeletonAppType.php">
        <class name="PhpHive\Cli\AppTypes\SkeletonAppType" namespace="PhpHive\Cli\AppTypes">
          <metrics complexity="8" methods="7" coveredmethods="0" conditionals="0" coveredconditionals="0" statements="49" coveredstatements="0" elements="56" coveredelements="0"/>
        </class>
        <line num="67" type="method" name="getName" visibility="public" complexity="1" crap="2" count="0"/>
        <line num="69" type="stmt" count="0"/>
        <line num="80" type="method" name="getDescription" visibility="public" complexity="1" crap="2" count="0"/>
        <line num="82" type="stmt" count="0"/>
        <line num="106" type="method" name="collectConfiguration" visibility="public" complexity="1" crap="2" count="0"/>
        <line num="109" type="stmt" count="0"/>
        <line num="110" type="stmt" count="0"/>
        <line num="113" type="stmt" count="0"/>
        <line num="120" type="stmt" count="0"/>
        <line num="121" type="stmt" count="0"/>
        <line num="122" type="stmt" count="0"/>
        <line num="123" type="stmt" count="0"/>
        <line num="124" type="stmt" count="0"/>
        <line num="125" type="stmt" count="0"/>
        <line num="128" type="stmt" count="0"/>
        <line num="129" type="stmt" count="0"/>
        <line num="130" type="stmt" count="0"/>
        <line num="131" type="stmt" count="0"/>
        <line num="132" type="stmt" count="0"/>
        <line num="133" type="stmt" count="0"/>
        <line num="142" type="stmt" count="0"/>
        <line num="143" type="stmt" count="0"/>
        <line num="144" type="stmt" count="0"/>
        <line num="145" type="stmt" count="0"/>
        <line num="146" type="stmt" count="0"/>
        <line num="147" type="stmt" count="0"/>
        <line num="148" type="stmt" count="0"/>
        <line num="149" type="stmt" count="0"/>
        <line num="150" type="stmt" count="0"/>
        <line num="151" type="stmt" count="0"/>
        <line num="159" type="stmt" count="0"/>
        <line num="160" type="stmt" count="0"/>
        <line num="161" type="stmt" count="0"/>
        <line num="162" type="stmt" count="0"/>
        <line num="166" type="stmt" count="0"/>
        <line num="167" type="stmt" count="0"/>
        <line num="168" type="stmt" count="0"/>
        <line num="169" type="stmt" count="0"/>
        <line num="171" type="stmt" count="0"/>
        <line num="189" type="method" name="getInstallCommand" visibility="public" complexity="1" crap="2" count="0"/>
        <line num="192" type="stmt" count="0"/>
        <line num="212" type="method" name="getPostInstallCommands" visibility="public" complexity="2" crap="6" count="0"/>
        <line num="215" type="stmt" count="0"/>
        <line num="217" type="stmt" count="0"/>
        <line num="218" type="stmt" count="0"/>
        <line num="227" type="stmt" count="0"/>
        <line num="228" type="stmt" count="0"/>
        <line num="231" type="stmt" count="0"/>
        <line num="252" type="method" name="getStubPath" visibility="public" complexity="1" crap="2" count="0"/>
        <line num="255" type="stmt" count="0"/>
        <line num="294" type="method" name="getStubVariables" visibility="public" complexity="1" crap="2" count="0"/>
        <line num="297" type="stmt" count="0"/>
        <line num="300" type="stmt" count="0"/>
        <line num="301" type="stmt" count="0"/>
        <line num="303" type="stmt" count="0"/>
        <line num="304" type="stmt" count="0"/>
        <metrics loc="307" ncloc="104" classes="1" methods="7" coveredmethods="0" conditionals="0" coveredconditionals="0" statements="49" coveredstatements="0" elements="56" coveredelements="0"/>
      </file>
      <file name="/Users/akouta/Projects/mono-php/cli/src/AppTypes/SymfonyAppType.php">
        <class name="PhpHive\Cli\AppTypes\SymfonyAppType" namespace="PhpHive\Cli\AppTypes">
          <metrics complexity="10" methods="7" coveredmethods="0" conditionals="0" coveredconditionals="0" statements="70" coveredstatements="0" elements="77" coveredelements="0"/>
        </class>
        <line num="67" type="method" name="getName" visibility="public" complexity="1" crap="2" count="0"/>
        <line num="69" type="stmt" count="0"/>
        <line num="80" type="method" name="getDescription" visibility="public" complexity="1" crap="2" count="0"/>
        <line num="82" type="stmt" count="0"/>
        <line num="107" type="method" name="collectConfiguration" visibility="public" complexity="1" crap="2" count="0"/>
        <line num="110" type="stmt" count="0"/>
        <line num="111" type="stmt" count="0"/>
        <line num="114" type="stmt" count="0"/>
        <line num="121" type="stmt" count="0"/>
        <line num="122" type="stmt" count="0"/>
        <line num="123" type="stmt" count="0"/>
        <line num="124" type="stmt" count="0"/>
        <line num="125" type="stmt" count="0"/>
        <line num="128" type="stmt" count="0"/>
        <line num="129" type="stmt" count="0"/>
        <line num="130" type="stmt" count="0"/>
        <line num="131" type="stmt" count="0"/>
        <line num="132" type="stmt" count="0"/>
        <line num="142" type="stmt" count="0"/>
        <line num="143" type="stmt" count="0"/>
        <line num="144" type="stmt" count="0"/>
        <line num="145" type="stmt" count="0"/>
        <line num="146" type="stmt" count="0"/>
        <line num="147" type="stmt" count="0"/>
        <line num="148" type="stmt" count="0"/>
        <line num="149" type="stmt" count="0"/>
        <line num="150" type="stmt" count="0"/>
        <line num="159" type="stmt" count="0"/>
        <line num="160" type="stmt" count="0"/>
        <line num="161" type="stmt" count="0"/>
        <line num="162" type="stmt" count="0"/>
        <line num="163" type="stmt" count="0"/>
        <line num="164" type="stmt" count="0"/>
        <line num="165" type="stmt" count="0"/>
        <line num="166" type="stmt" count="0"/>
        <line num="174" type="stmt" count="0"/>
        <line num="175" type="stmt" count="0"/>
        <line num="176" type="stmt" count="0"/>
        <line num="177" type="stmt" count="0"/>
        <line num="178" type="stmt" count="0"/>
        <line num="179" type="stmt" count="0"/>
        <line num="180" type="stmt" count="0"/>
        <line num="181" type="stmt" count="0"/>
        <line num="182" type="stmt" count="0"/>
        <line num="190" type="stmt" count="0"/>
        <line num="191" type="stmt" count="0"/>
        <line num="192" type="stmt" count="0"/>
        <line num="193" type="stmt" count="0"/>
        <line num="197" type="stmt" count="0"/>
        <line num="198" type="stmt" count="0"/>
        <line num="199" type="stmt" count="0"/>
        <line num="200" type="stmt" count="0"/>
        <line num="202" type="stmt" count="0"/>
        <line num="229" type="method" name="getInstallCommand" visibility="public" complexity="1" crap="2" count="0"/>
        <line num="232" type="stmt" count="0"/>
        <line num="235" type="stmt" count="0"/>
        <line num="258" type="method" name="getPostInstallCommands" visibility="public" complexity="4" crap="20" count="0"/>
        <line num="261" type="stmt" count="0"/>
        <line num="269" type="stmt" count="0"/>
        <line num="270" type="stmt" count="0"/>
        <line num="279" type="stmt" count="0"/>
        <line num="280" type="stmt" count="0"/>
        <line num="285" type="stmt" count="0"/>
        <line num="286" type="stmt" count="0"/>
        <line num="294" type="stmt" count="0"/>
        <line num="298" type="stmt" count="0"/>
        <line num="302" type="stmt" count="0"/>
        <line num="304" type="stmt" count="0"/>
        <line num="323" type="method" name="getStubPath" visibility="public" complexity="1" crap="2" count="0"/>
        <line num="326" type="stmt" count="0"/>
        <line num="361" type="method" name="getStubVariables" visibility="public" complexity="1" crap="2" count="0"/>
        <line num="364" type="stmt" count="0"/>
        <line num="367" type="stmt" count="0"/>
        <line num="368" type="stmt" count="0"/>
        <line num="370" type="stmt" count="0"/>
        <line num="373" type="stmt" count="0"/>
        <line num="374" type="stmt" count="0"/>
        <metrics loc="377" ncloc="140" classes="1" methods="7" coveredmethods="0" conditionals="0" coveredconditionals="0" statements="70" coveredstatements="0" elements="77" coveredelements="0"/>
      </file>
    </package>
    <package name="PhpHive\Cli">
      <file name="/Users/akouta/Projects/mono-php/cli/src/Application.php">
        <class name="PhpHive\Cli\Application" namespace="PhpHive\Cli">
          <metrics complexity="27" methods="12" coveredmethods="7" conditionals="0" coveredconditionals="0" statements="95" coveredstatements="28" elements="107" coveredelements="35"/>
        </class>
        <line num="102" type="method" name="__construct" visibility="public" complexity="1" crap="1" count="6"/>
        <line num="104" type="stmt" count="6"/>
        <line num="107" type="stmt" count="6"/>
        <line num="110" type="stmt" count="6"/>
        <line num="113" type="stmt" count="6"/>
        <line num="130" type="method" name="make" visibility="public" complexity="1" crap="1" count="1"/>
        <line num="132" type="stmt" count="1"/>
        <line num="133" type="stmt" count="1"/>
        <line num="135" type="stmt" count="1"/>
        <line num="149" type="method" name="boot" visibility="public" complexity="2" crap="2.01" count="2"/>
        <line num="152" type="stmt" count="2"/>
        <line num="153" type="stmt" count="0"/>
        <line num="157" type="stmt" count="2"/>
        <line num="158" type="stmt" count="2"/>
        <line num="159" type="stmt" count="2"/>
        <line num="160" type="stmt" count="2"/>
        <line num="163" type="stmt" count="2"/>
        <line num="178" type="method" name="run" visibility="public" complexity="2" crap="6" count="0"/>
        <line num="182" type="stmt" count="0"/>
        <line num="183" type="stmt" count="0"/>
        <line num="187" type="stmt" count="0"/>
        <line num="190" type="stmt" count="0"/>
        <line num="201" type="method" name="container" visibility="public" complexity="1" crap="1" count="1"/>
        <line num="203" type="stmt" count="1"/>
        <line num="214" type="method" name="getLongVersion" visibility="public" complexity="1" crap="1" count="1"/>
        <line num="217" type="stmt" count="1"/>
        <line num="218" type="stmt" count="1"/>
        <line num="219" type="stmt" count="1"/>
        <line num="220" type="stmt" count="1"/>
        <line num="221" type="stmt" count="1"/>
        <line num="238" type="method" name="find" visibility="public" complexity="3" crap="12" count="0"/>
        <line num="242" type="stmt" count="0"/>
        <line num="243" type="stmt" count="0"/>
        <line num="245" type="stmt" count="0"/>
        <line num="247" type="stmt" count="0"/>
        <line num="249" type="stmt" count="0"/>
        <line num="251" type="stmt" count="0"/>
        <line num="252" type="stmt" count="0"/>
        <line num="253" type="stmt" count="0"/>
        <line num="254" type="stmt" count="0"/>
        <line num="255" type="stmt" count="0"/>
        <line num="258" type="stmt" count="0"/>
        <line num="262" type="stmt" count="0"/>
        <line num="278" type="method" name="filesystem" visibility="protected" complexity="1" crap="1" count="2"/>
        <line num="280" type="stmt" count="2"/>
        <line num="295" type="method" name="registerCommand" visibility="protected" complexity="2" crap="2" count="2"/>
        <line num="298" type="stmt" count="2"/>
        <line num="301" type="stmt" count="2"/>
        <line num="303" type="stmt" count="2"/>
        <line num="307" type="stmt" count="2"/>
        <line num="325" type="method" name="findAlternatives" visibility="private" complexity="6" crap="42" count="0"/>
        <line num="328" type="stmt" count="0"/>
        <line num="331" type="stmt" count="0"/>
        <line num="332" type="stmt" count="0"/>
        <line num="334" type="stmt" count="0"/>
        <line num="335" type="stmt" count="0"/>
        <line num="339" type="stmt" count="0"/>
        <line num="340" type="stmt" count="0"/>
        <line num="345" type="stmt" count="0"/>
        <line num="348" type="stmt" count="0"/>
        <line num="349" type="stmt" count="0"/>
        <line num="350" type="stmt" count="0"/>
        <line num="351" type="stmt" count="0"/>
        <line num="355" type="stmt" count="0"/>
        <line num="356" type="stmt" count="0"/>
        <line num="361" type="stmt" count="0"/>
        <line num="364" type="stmt" count="0"/>
        <line num="383" type="method" name="registerServices" visibility="private" complexity="1" crap="1" count="6"/>
        <line num="386" type="stmt" count="6"/>
        <line num="389" type="stmt" count="6"/>
        <line num="392" type="stmt" count="6"/>
        <line num="395" type="stmt" count="6"/>
        <line num="412" type="method" name="displayBanner" visibility="private" complexity="6" crap="42" count="0"/>
        <line num="415" type="stmt" count="0"/>
        <line num="418" type="stmt" count="0"/>
        <line num="419" type="stmt" count="0"/>
        <line num="423" type="stmt" count="0"/>
        <line num="424" type="stmt" count="0"/>
        <line num="428" type="stmt" count="0"/>
        <line num="429" type="stmt" count="0"/>
        <line num="433" type="stmt" count="0"/>
        <line num="436" type="stmt" count="0"/>
        <line num="437" type="stmt" count="0"/>
        <line num="438" type="stmt" count="0"/>
        <line num="439" type="stmt" count="0"/>
        <line num="440" type="stmt" count="0"/>
        <line num="441" type="stmt" count="0"/>
        <line num="442" type="stmt" count="0"/>
        <line num="443" type="stmt" count="0"/>
        <line num="446" type="stmt" count="0"/>
        <line num="447" type="stmt" count="0"/>
        <line num="448" type="stmt" count="0"/>
        <line num="449" type="stmt" count="0"/>
        <line num="450" type="stmt" count="0"/>
        <line num="451" type="stmt" count="0"/>
        <line num="452" type="stmt" count="0"/>
        <line num="453" type="stmt" count="0"/>
        <line num="456" type="stmt" count="0"/>
        <line num="457" type="stmt" count="0"/>
        <line num="460" type="stmt" count="0"/>
        <line num="461" type="stmt" count="0"/>
        <line num="462" type="stmt" count="0"/>
        <line num="463" type="stmt" count="0"/>
        <line num="467" type="stmt" count="0"/>
        <line num="468" type="stmt" count="0"/>
        <line num="469" type="stmt" count="0"/>
        <line num="472" type="stmt" count="0"/>
        <metrics loc="475" ncloc="237" classes="1" methods="12" coveredmethods="7" conditionals="0" coveredconditionals="0" statements="95" coveredstatements="28" elements="107" coveredelements="35"/>
      </file>
    </package>
    <package name="PhpHive\Cli\Concerns">
      <file name="/Users/akouta/Projects/mono-php/cli/src/Concerns/ChecksForUpdates.php">
        <class name="PhpHive\Cli\Concerns\ChecksForUpdates" namespace="PhpHive\Cli\Concerns">
          <metrics complexity="31" methods="7" coveredmethods="0" conditionals="0" coveredconditionals="0" statements="95" coveredstatements="0" elements="102" coveredelements="0"/>
        </class>
        <line num="60" type="method" name="checkForUpdates" visibility="protected" complexity="4" crap="20" count="0"/>
        <line num="63" type="stmt" count="0"/>
        <line num="64" type="stmt" count="0"/>
        <line num="67" type="stmt" count="0"/>
        <line num="69" type="stmt" count="0"/>
        <line num="71" type="stmt" count="0"/>
        <line num="75" type="stmt" count="0"/>
        <line num="77" type="stmt" count="0"/>
        <line num="79" type="stmt" count="0"/>
        <line num="81" type="stmt" count="0"/>
        <line num="85" type="stmt" count="0"/>
        <line num="88" type="stmt" count="0"/>
        <line num="89" type="stmt" count="0"/>
        <line num="101" type="method" name="getUpdateCacheDir" visibility="private" complexity="4" crap="20" count="0"/>
        <line num="104" type="stmt" count="0"/>
        <line num="105" type="stmt" count="0"/>
        <line num="106" type="stmt" count="0"/>
        <line num="109" type="stmt" count="0"/>
        <line num="110" type="stmt" count="0"/>
        <line num="113" type="stmt" count="0"/>
        <line num="126" type="method" name="shouldCheckForUpdates" visibility="private" complexity="5" crap="30" count="0"/>
        <line num="129" type="stmt" count="0"/>
        <line num="130" type="stmt" count="0"/>
        <line num="134" type="stmt" count="0"/>
        <line num="135" type="stmt" count="0"/>
        <line num="136" type="stmt" count="0"/>
        <line num="139" type="stmt" count="0"/>
        <line num="140" type="stmt" count="0"/>
        <line num="141" type="stmt" count="0"/>
        <line num="145" type="stmt" count="0"/>
        <line num="147" type="stmt" count="0"/>
        <line num="159" type="method" name="displayCachedUpdateNotification" visibility="private" complexity="6" crap="42" count="0"/>
        <line num="161" type="stmt" count="0"/>
        <line num="162" type="stmt" count="0"/>
        <line num="165" type="stmt" count="0"/>
        <line num="166" type="stmt" count="0"/>
        <line num="167" type="stmt" count="0"/>
        <line num="170" type="stmt" count="0"/>
        <line num="171" type="stmt" count="0"/>
        <line num="172" type="stmt" count="0"/>
        <line num="175" type="stmt" count="0"/>
        <line num="178" type="stmt" count="0"/>
        <line num="179" type="stmt" count="0"/>
        <line num="191" type="method" name="fetchLatestVersion" visibility="private" complexity="9" crap="90" count="0"/>
        <line num="194" type="stmt" count="0"/>
        <line num="197" type="stmt" count="0"/>
        <line num="198" type="stmt" count="0"/>
        <line num="199" type="stmt" count="0"/>
        <line num="200" type="stmt" count="0"/>
        <line num="201" type="stmt" count="0"/>
        <line num="202" type="stmt" count="0"/>
        <line num="204" type="stmt" count="0"/>
        <line num="206" type="stmt" count="0"/>
        <line num="207" type="stmt" count="0"/>
        <line num="210" type="stmt" count="0"/>
        <line num="212" type="stmt" count="0"/>
        <line num="213" type="stmt" count="0"/>
        <line num="216" type="stmt" count="0"/>
        <line num="219" type="stmt" count="0"/>
        <line num="220" type="stmt" count="0"/>
        <line num="222" type="stmt" count="0"/>
        <line num="223" type="stmt" count="0"/>
        <line num="227" type="stmt" count="0"/>
        <line num="228" type="stmt" count="0"/>
        <line num="232" type="stmt" count="0"/>
        <line num="235" type="stmt" count="0"/>
        <line num="236" type="stmt" count="0"/>
        <line num="240" type="stmt" count="0"/>
        <line num="249" type="method" name="updateCache" visibility="private" complexity="1" crap="2" count="0"/>
        <line num="251" type="stmt" count="0"/>
        <line num="252" type="stmt" count="0"/>
        <line num="253" type="stmt" count="0"/>
        <line num="254" type="stmt" count="0"/>
        <line num="256" type="stmt" count="0"/>
        <line num="267" type="method" name="displayUpdateNotification" visibility="private" complexity="2" crap="6" count="0"/>
        <line num="270" type="stmt" count="0"/>
        <line num="271" type="stmt" count="0"/>
        <line num="272" type="stmt" count="0"/>
        <line num="273" type="stmt" count="0"/>
        <line num="274" type="stmt" count="0"/>
        <line num="277" type="stmt" count="0"/>
        <line num="278" type="stmt" count="0"/>
        <line num="279" type="stmt" count="0"/>
        <line num="280" type="stmt" count="0"/>
        <line num="281" type="stmt" count="0"/>
        <line num="282" type="stmt" count="0"/>
        <line num="285" type="stmt" count="0"/>
        <line num="287" type="stmt" count="0"/>
        <line num="288" type="stmt" count="0"/>
        <line num="289" type="stmt" count="0"/>
        <line num="290" type="stmt" count="0"/>
        <line num="291" type="stmt" count="0"/>
        <line num="292" type="stmt" count="0"/>
        <line num="293" type="stmt" count="0"/>
        <line num="296" type="stmt" count="0"/>
        <line num="297" type="stmt" count="0"/>
        <line num="299" type="stmt" count="0"/>
        <line num="300" type="stmt" count="0"/>
        <line num="301" type="stmt" count="0"/>
        <line num="302" type="stmt" count="0"/>
        <line num="305" type="stmt" count="0"/>
        <line num="306" type="stmt" count="0"/>
        <metrics loc="309" ncloc="203" classes="1" methods="7" coveredmethods="0" conditionals="0" coveredconditionals="0" statements="95" coveredstatements="0" elements="102" coveredelements="0"/>
      </file>
      <file name="/Users/akouta/Projects/mono-php/cli/src/Concerns/HasDiscovery.php">
        <class name="PhpHive\Cli\Concerns\HasDiscovery" namespace="PhpHive\Cli\Concerns">
          <metrics complexity="15" methods="4" coveredmethods="0" conditionals="0" coveredconditionals="0" statements="33" coveredstatements="20" elements="37" coveredelements="20"/>
        </class>
        <line num="81" type="method" name="discoverCommands" visibility="protected" complexity="6" crap="6.13" count="2"/>
        <line num="84" type="stmt" count="2"/>
        <line num="85" type="stmt" count="0"/>
        <line num="89" type="stmt" count="2"/>
        <line num="92" type="stmt" count="2"/>
        <line num="94" type="stmt" count="2"/>
        <line num="95" type="stmt" count="0"/>
        <line num="99" type="stmt" count="2"/>
        <line num="100" type="stmt" count="2"/>
        <line num="106" type="stmt" count="2"/>
        <line num="107" type="stmt" count="2"/>
        <line num="108" type="stmt" count="2"/>
        <line num="111" type="stmt" count="2"/>
        <line num="112" type="stmt" count="2"/>
        <line num="130" type="method" name="isValidCommand" visibility="protected" complexity="5" crap="7.19" count="2"/>
        <line num="133" type="stmt" count="2"/>
        <line num="134" type="stmt" count="0"/>
        <line num="138" type="stmt" count="2"/>
        <line num="139" type="stmt" count="0"/>
        <line num="143" type="stmt" count="2"/>
        <line num="144" type="stmt" count="0"/>
        <line num="148" type="stmt" count="2"/>
        <line num="149" type="stmt" count="0"/>
        <line num="154" type="stmt" count="2"/>
        <line num="177" type="method" name="hasAsCommandAttribute" visibility="protected" complexity="2" crap="2.06" count="2"/>
        <line num="180" type="stmt" count="2"/>
        <line num="181" type="stmt" count="0"/>
        <line num="185" type="stmt" count="2"/>
        <line num="188" type="stmt" count="2"/>
        <line num="204" type="method" name="registerDiscoveredCommand" visibility="protected" complexity="2" crap="4.52" count="2"/>
        <line num="208" type="stmt" count="2"/>
        <line num="209" type="stmt" count="0"/>
        <line num="212" type="stmt" count="0"/>
        <line num="213" type="stmt" count="0"/>
        <line num="214" type="stmt" count="0"/>
        <line num="215" type="stmt" count="0"/>
        <line num="216" type="stmt" count="0"/>
        <metrics loc="242" ncloc="100" classes="1" methods="4" coveredmethods="0" conditionals="0" coveredconditionals="0" statements="33" coveredstatements="20" elements="37" coveredelements="20"/>
      </file>
      <file name="/Users/akouta/Projects/mono-php/cli/src/Concerns/InteractsWithComposer.php">
        <class name="PhpHive\Cli\Concerns\InteractsWithComposer" namespace="PhpHive\Cli\Concerns">
          <metrics complexity="20" methods="7" coveredmethods="0" conditionals="0" coveredconditionals="0" statements="49" coveredstatements="0" elements="56" coveredelements="0"/>
        </class>
        <line num="66" type="method" name="composer" visibility="protected" complexity="1" crap="2" count="0"/>
        <line num="69" type="stmt" count="0"/>
        <line num="72" type="stmt" count="0"/>
        <line num="76" type="stmt" count="0"/>
        <line num="79" type="stmt" count="0"/>
        <line num="80" type="stmt" count="0"/>
        <line num="81" type="stmt" count="0"/>
        <line num="82" type="stmt" count="0"/>
        <line num="83" type="stmt" count="0"/>
        <line num="86" type="stmt" count="0"/>
        <line num="89" type="stmt" count="0"/>
        <line num="90" type="stmt" count="0"/>
        <line num="91" type="stmt" count="0"/>
        <line num="107" type="method" name="findComposerBinary" visibility="protected" complexity="9" crap="90" count="0"/>
        <line num="110" type="stmt" count="0"/>
        <line num="111" type="stmt" count="0"/>
        <line num="112" type="stmt" count="0"/>
        <line num="116" type="stmt" count="0"/>
        <line num="117" type="stmt" count="0"/>
        <line num="121" type="stmt" count="0"/>
        <line num="122" type="stmt" count="0"/>
        <line num="123" type="stmt" count="0"/>
        <line num="127" type="stmt" count="0"/>
        <line num="128" type="stmt" count="0"/>
        <line num="129" type="stmt" count="0"/>
        <line num="131" type="stmt" count="0"/>
        <line num="132" type="stmt" count="0"/>
        <line num="133" type="stmt" count="0"/>
        <line num="135" type="stmt" count="0"/>
        <line num="137" type="stmt" count="0"/>
        <line num="143" type="stmt" count="0"/>
        <line num="157" type="method" name="composerInstall" visibility="protected" complexity="1" crap="2" count="0"/>
        <line num="160" type="stmt" count="0"/>
        <line num="163" type="stmt" count="0"/>
        <line num="164" type="stmt" count="0"/>
        <line num="165" type="stmt" count="0"/>
        <line num="166" type="stmt" count="0"/>
        <line num="180" type="method" name="composerRequire" visibility="protected" complexity="2" crap="6" count="0"/>
        <line num="183" type="stmt" count="0"/>
        <line num="186" type="stmt" count="0"/>
        <line num="188" type="stmt" count="0"/>
        <line num="202" type="method" name="composerUpdate" visibility="protected" complexity="2" crap="6" count="0"/>
        <line num="205" type="stmt" count="0"/>
        <line num="208" type="stmt" count="0"/>
        <line num="210" type="stmt" count="0"/>
        <line num="222" type="method" name="hasComposer" visibility="protected" complexity="1" crap="2" count="0"/>
        <line num="224" type="stmt" count="0"/>
        <line num="225" type="stmt" count="0"/>
        <line num="227" type="stmt" count="0"/>
        <line num="238" type="method" name="getComposerVersion" visibility="protected" complexity="4" crap="20" count="0"/>
        <line num="241" type="stmt" count="0"/>
        <line num="242" type="stmt" count="0"/>
        <line num="244" type="stmt" count="0"/>
        <line num="245" type="stmt" count="0"/>
        <line num="249" type="stmt" count="0"/>
        <line num="251" type="stmt" count="0"/>
        <metrics loc="254" ncloc="127" classes="1" methods="7" coveredmethods="0" conditionals="0" coveredconditionals="0" statements="49" coveredstatements="0" elements="56" coveredelements="0"/>
      </file>
      <file name="/Users/akouta/Projects/mono-php/cli/src/Concerns/InteractsWithDatabase.php">
        <class name="PhpHive\Cli\Concerns\InteractsWithDatabase" namespace="PhpHive\Cli\Concerns">
          <metrics complexity="53" methods="9" coveredmethods="0" conditionals="0" coveredconditionals="0" statements="346" coveredstatements="0" elements="355" coveredelements="0"/>
        </class>
        <line num="92" type="method" name="filesystem" visibility="protected" complexity="0" crap="0" count="0"/>
        <line num="134" type="method" name="setupDatabase" visibility="protected" complexity="6" crap="42" count="0"/>
        <line num="137" type="stmt" count="0"/>
        <line num="139" type="stmt" count="0"/>
        <line num="140" type="stmt" count="0"/>
        <line num="141" type="stmt" count="0"/>
        <line num="142" type="stmt" count="0"/>
        <line num="144" type="stmt" count="0"/>
        <line num="145" type="stmt" count="0"/>
        <line num="146" type="stmt" count="0"/>
        <line num="147" type="stmt" count="0"/>
        <line num="149" type="stmt" count="0"/>
        <line num="150" type="stmt" count="0"/>
        <line num="151" type="stmt" count="0"/>
        <line num="152" type="stmt" count="0"/>
        <line num="156" type="stmt" count="0"/>
        <line num="158" type="stmt" count="0"/>
        <line num="160" type="stmt" count="0"/>
        <line num="161" type="stmt" count="0"/>
        <line num="162" type="stmt" count="0"/>
        <line num="163" type="stmt" count="0"/>
        <line num="165" type="stmt" count="0"/>
        <line num="166" type="stmt" count="0"/>
        <line num="167" type="stmt" count="0"/>
        <line num="172" type="stmt" count="0"/>
        <line num="204" type="method" name="setupDockerDatabase" visibility="protected" complexity="14" crap="210" count="0"/>
        <line num="207" type="stmt" count="0"/>
        <line num="208" type="stmt" count="0"/>
        <line num="215" type="stmt" count="0"/>
        <line num="216" type="stmt" count="0"/>
        <line num="217" type="stmt" count="0"/>
        <line num="218" type="stmt" count="0"/>
        <line num="219" type="stmt" count="0"/>
        <line num="220" type="stmt" count="0"/>
        <line num="221" type="stmt" count="0"/>
        <line num="224" type="stmt" count="0"/>
        <line num="226" type="stmt" count="0"/>
        <line num="227" type="stmt" count="0"/>
        <line num="228" type="stmt" count="0"/>
        <line num="229" type="stmt" count="0"/>
        <line num="230" type="stmt" count="0"/>
        <line num="231" type="stmt" count="0"/>
        <line num="233" type="stmt" count="0"/>
        <line num="234" type="stmt" count="0"/>
        <line num="241" type="stmt" count="0"/>
        <line num="242" type="stmt" count="0"/>
        <line num="243" type="stmt" count="0"/>
        <line num="244" type="stmt" count="0"/>
        <line num="250" type="stmt" count="0"/>
        <line num="252" type="stmt" count="0"/>
        <line num="253" type="stmt" count="0"/>
        <line num="254" type="stmt" count="0"/>
        <line num="255" type="stmt" count="0"/>
        <line num="256" type="stmt" count="0"/>
        <line num="258" type="stmt" count="0"/>
        <line num="259" type="stmt" count="0"/>
        <line num="260" type="stmt" count="0"/>
        <line num="261" type="stmt" count="0"/>
        <line num="262" type="stmt" count="0"/>
        <line num="264" type="stmt" count="0"/>
        <line num="265" type="stmt" count="0"/>
        <line num="266" type="stmt" count="0"/>
        <line num="267" type="stmt" count="0"/>
        <line num="268" type="stmt" count="0"/>
        <line num="271" type="stmt" count="0"/>
        <line num="277" type="stmt" count="0"/>
        <line num="279" type="stmt" count="0"/>
        <line num="280" type="stmt" count="0"/>
        <line num="281" type="stmt" count="0"/>
        <line num="282" type="stmt" count="0"/>
        <line num="283" type="stmt" count="0"/>
        <line num="284" type="stmt" count="0"/>
        <line num="285" type="stmt" count="0"/>
        <line num="286" type="stmt" count="0"/>
        <line num="287" type="stmt" count="0"/>
        <line num="288" type="stmt" count="0"/>
        <line num="290" type="stmt" count="0"/>
        <line num="291" type="stmt" count="0"/>
        <line num="293" type="stmt" count="0"/>
        <line num="300" type="stmt" count="0"/>
        <line num="302" type="stmt" count="0"/>
        <line num="303" type="stmt" count="0"/>
        <line num="304" type="stmt" count="0"/>
        <line num="305" type="stmt" count="0"/>
        <line num="307" type="stmt" count="0"/>
        <line num="308" type="stmt" count="0"/>
        <line num="310" type="stmt" count="0"/>
        <line num="317" type="stmt" count="0"/>
        <line num="319" type="stmt" count="0"/>
        <line num="320" type="stmt" count="0"/>
        <line num="321" type="stmt" count="0"/>
        <line num="322" type="stmt" count="0"/>
        <line num="323" type="stmt" count="0"/>
        <line num="325" type="stmt" count="0"/>
        <line num="326" type="stmt" count="0"/>
        <line num="327" type="stmt" count="0"/>
        <line num="328" type="stmt" count="0"/>
        <line num="330" type="stmt" count="0"/>
        <line num="331" type="stmt" count="0"/>
        <line num="333" type="stmt" count="0"/>
        <line num="340" type="stmt" count="0"/>
        <line num="341" type="stmt" count="0"/>
        <line num="342" type="stmt" count="0"/>
        <line num="343" type="stmt" count="0"/>
        <line num="345" type="stmt" count="0"/>
        <line num="346" type="stmt" count="0"/>
        <line num="347" type="stmt" count="0"/>
        <line num="348" type="stmt" count="0"/>
        <line num="351" type="stmt" count="0"/>
        <line num="352" type="stmt" count="0"/>
        <line num="353" type="stmt" count="0"/>
        <line num="354" type="stmt" count="0"/>
        <line num="355" type="stmt" count="0"/>
        <line num="356" type="stmt" count="0"/>
        <line num="357" type="stmt" count="0"/>
        <line num="358" type="stmt" count="0"/>
        <line num="359" type="stmt" count="0"/>
        <line num="393" type="method" name="generateDockerComposeFile" visibility="protected" complexity="9" crap="90" count="0"/>
        <line num="404" type="stmt" count="0"/>
        <line num="405" type="stmt" count="0"/>
        <line num="406" type="stmt" count="0"/>
        <line num="407" type="stmt" count="0"/>
        <line num="408" type="stmt" count="0"/>
        <line num="411" type="stmt" count="0"/>
        <line num="413" type="stmt" count="0"/>
        <line num="414" type="stmt" count="0"/>
        <line num="419" type="stmt" count="0"/>
        <line num="420" type="stmt" count="0"/>
        <line num="421" type="stmt" count="0"/>
        <line num="425" type="stmt" count="0"/>
        <line num="428" type="stmt" count="0"/>
        <line num="429" type="stmt" count="0"/>
        <line num="430" type="stmt" count="0"/>
        <line num="431" type="stmt" count="0"/>
        <line num="432" type="stmt" count="0"/>
        <line num="433" type="stmt" count="0"/>
        <line num="434" type="stmt" count="0"/>
        <line num="435" type="stmt" count="0"/>
        <line num="436" type="stmt" count="0"/>
        <line num="437" type="stmt" count="0"/>
        <line num="438" type="stmt" count="0"/>
        <line num="439" type="stmt" count="0"/>
        <line num="440" type="stmt" count="0"/>
        <line num="441" type="stmt" count="0"/>
        <line num="443" type="stmt" count="0"/>
        <line num="446" type="stmt" count="0"/>
        <line num="448" type="stmt" count="0"/>
        <line num="449" type="stmt" count="0"/>
        <line num="453" type="stmt" count="0"/>
        <line num="456" type="stmt" count="0"/>
        <line num="458" type="stmt" count="0"/>
        <line num="459" type="stmt" count="0"/>
        <line num="460" type="stmt" count="0"/>
        <line num="479" type="method" name="setupLocalDatabase" visibility="protected" complexity="3" crap="12" count="0"/>
        <line num="481" type="stmt" count="0"/>
        <line num="482" type="stmt" count="0"/>
        <line num="483" type="stmt" count="0"/>
        <line num="484" type="stmt" count="0"/>
        <line num="486" type="stmt" count="0"/>
        <line num="487" type="stmt" count="0"/>
        <line num="488" type="stmt" count="0"/>
        <line num="489" type="stmt" count="0"/>
        <line num="491" type="stmt" count="0"/>
        <line num="492" type="stmt" count="0"/>
        <line num="493" type="stmt" count="0"/>
        <line num="495" type="stmt" count="0"/>
        <line num="496" type="stmt" count="0"/>
        <line num="498" type="stmt" count="0"/>
        <line num="503" type="stmt" count="0"/>
        <line num="504" type="stmt" count="0"/>
        <line num="505" type="stmt" count="0"/>
        <line num="507" type="stmt" count="0"/>
        <line num="537" type="method" name="checkMySQLConnection" visibility="protected" complexity="4" crap="20" count="0"/>
        <line num="541" type="stmt" count="0"/>
        <line num="544" type="stmt" count="0"/>
        <line num="545" type="stmt" count="0"/>
        <line num="549" type="stmt" count="0"/>
        <line num="552" type="stmt" count="0"/>
        <line num="555" type="stmt" count="0"/>
        <line num="596" type="method" name="createMySQLDatabase" visibility="protected" complexity="11" crap="132" count="0"/>
        <line num="606" type="stmt" count="0"/>
        <line num="609" type="stmt" count="0"/>
        <line num="610" type="stmt" count="0"/>
        <line num="614" type="stmt" count="0"/>
        <line num="615" type="stmt" count="0"/>
        <line num="616" type="stmt" count="0"/>
        <line num="619" type="stmt" count="0"/>
        <line num="620" type="stmt" count="0"/>
        <line num="621" type="stmt" count="0"/>
        <line num="622" type="stmt" count="0"/>
        <line num="624" type="stmt" count="0"/>
        <line num="629" type="stmt" count="0"/>
        <line num="630" type="stmt" count="0"/>
        <line num="631" type="stmt" count="0"/>
        <line num="632" type="stmt" count="0"/>
        <line num="634" type="stmt" count="0"/>
        <line num="639" type="stmt" count="0"/>
        <line num="640" type="stmt" count="0"/>
        <line num="641" type="stmt" count="0"/>
        <line num="642" type="stmt" count="0"/>
        <line num="644" type="stmt" count="0"/>
        <line num="648" type="stmt" count="0"/>
        <line num="649" type="stmt" count="0"/>
        <line num="650" type="stmt" count="0"/>
        <line num="652" type="stmt" count="0"/>
        <line num="656" type="stmt" count="0"/>
        <line num="658" type="stmt" count="0"/>
        <line num="704" type="method" name="promptAutomaticDatabaseSetup" visibility="protected" complexity="4" crap="20" count="0"/>
        <line num="707" type="stmt" count="0"/>
        <line num="708" type="stmt" count="0"/>
        <line num="712" type="stmt" count="0"/>
        <line num="713" type="stmt" count="0"/>
        <line num="714" type="stmt" count="0"/>
        <line num="715" type="stmt" count="0"/>
        <line num="722" type="stmt" count="0"/>
        <line num="723" type="stmt" count="0"/>
        <line num="724" type="stmt" count="0"/>
        <line num="725" type="stmt" count="0"/>
        <line num="726" type="stmt" count="0"/>
        <line num="727" type="stmt" count="0"/>
        <line num="728" type="stmt" count="0"/>
        <line num="731" type="stmt" count="0"/>
        <line num="732" type="stmt" count="0"/>
        <line num="733" type="stmt" count="0"/>
        <line num="734" type="stmt" count="0"/>
        <line num="735" type="stmt" count="0"/>
        <line num="736" type="stmt" count="0"/>
        <line num="737" type="stmt" count="0"/>
        <line num="738" type="stmt" count="0"/>
        <line num="746" type="stmt" count="0"/>
        <line num="749" type="stmt" count="0"/>
        <line num="750" type="stmt" count="0"/>
        <line num="751" type="stmt" count="0"/>
        <line num="752" type="stmt" count="0"/>
        <line num="753" type="stmt" count="0"/>
        <line num="754" type="stmt" count="0"/>
        <line num="755" type="stmt" count="0"/>
        <line num="757" type="stmt" count="0"/>
        <line num="758" type="stmt" count="0"/>
        <line num="759" type="stmt" count="0"/>
        <line num="760" type="stmt" count="0"/>
        <line num="761" type="stmt" count="0"/>
        <line num="762" type="stmt" count="0"/>
        <line num="765" type="stmt" count="0"/>
        <line num="766" type="stmt" count="0"/>
        <line num="767" type="stmt" count="0"/>
        <line num="768" type="stmt" count="0"/>
        <line num="770" type="stmt" count="0"/>
        <line num="771" type="stmt" count="0"/>
        <line num="772" type="stmt" count="0"/>
        <line num="774" type="stmt" count="0"/>
        <line num="777" type="stmt" count="0"/>
        <line num="784" type="stmt" count="0"/>
        <line num="787" type="stmt" count="0"/>
        <line num="788" type="stmt" count="0"/>
        <line num="789" type="stmt" count="0"/>
        <line num="790" type="stmt" count="0"/>
        <line num="791" type="stmt" count="0"/>
        <line num="792" type="stmt" count="0"/>
        <line num="793" type="stmt" count="0"/>
        <line num="796" type="stmt" count="0"/>
        <line num="797" type="stmt" count="0"/>
        <line num="798" type="stmt" count="0"/>
        <line num="799" type="stmt" count="0"/>
        <line num="800" type="stmt" count="0"/>
        <line num="801" type="stmt" count="0"/>
        <line num="802" type="stmt" count="0"/>
        <line num="805" type="stmt" count="0"/>
        <line num="806" type="stmt" count="0"/>
        <line num="807" type="stmt" count="0"/>
        <line num="808" type="stmt" count="0"/>
        <line num="809" type="stmt" count="0"/>
        <line num="810" type="stmt" count="0"/>
        <line num="816" type="stmt" count="0"/>
        <line num="819" type="stmt" count="0"/>
        <line num="820" type="stmt" count="0"/>
        <line num="821" type="stmt" count="0"/>
        <line num="822" type="stmt" count="0"/>
        <line num="823" type="stmt" count="0"/>
        <line num="824" type="stmt" count="0"/>
        <line num="825" type="stmt" count="0"/>
        <line num="826" type="stmt" count="0"/>
        <line num="827" type="stmt" count="0"/>
        <line num="828" type="stmt" count="0"/>
        <line num="829" type="stmt" count="0"/>
        <line num="830" type="stmt" count="0"/>
        <line num="832" type="stmt" count="0"/>
        <line num="833" type="stmt" count="0"/>
        <line num="834" type="stmt" count="0"/>
        <line num="836" type="stmt" count="0"/>
        <line num="839" type="stmt" count="0"/>
        <line num="842" type="stmt" count="0"/>
        <line num="843" type="stmt" count="0"/>
        <line num="844" type="stmt" count="0"/>
        <line num="845" type="stmt" count="0"/>
        <line num="846" type="stmt" count="0"/>
        <line num="847" type="stmt" count="0"/>
        <line num="848" type="stmt" count="0"/>
        <line num="895" type="method" name="promptManualDatabaseSetup" visibility="protected" complexity="2" crap="6" count="0"/>
        <line num="898" type="stmt" count="0"/>
        <line num="901" type="stmt" count="0"/>
        <line num="903" type="stmt" count="0"/>
        <line num="904" type="stmt" count="0"/>
        <line num="905" type="stmt" count="0"/>
        <line num="906" type="stmt" count="0"/>
        <line num="907" type="stmt" count="0"/>
        <line num="908" type="stmt" count="0"/>
        <line num="909" type="stmt" count="0"/>
        <line num="913" type="stmt" count="0"/>
        <line num="914" type="stmt" count="0"/>
        <line num="915" type="stmt" count="0"/>
        <line num="916" type="stmt" count="0"/>
        <line num="923" type="stmt" count="0"/>
        <line num="924" type="stmt" count="0"/>
        <line num="925" type="stmt" count="0"/>
        <line num="926" type="stmt" count="0"/>
        <line num="927" type="stmt" count="0"/>
        <line num="928" type="stmt" count="0"/>
        <line num="929" type="stmt" count="0"/>
        <line num="932" type="stmt" count="0"/>
        <line num="933" type="stmt" count="0"/>
        <line num="934" type="stmt" count="0"/>
        <line num="935" type="stmt" count="0"/>
        <line num="936" type="stmt" count="0"/>
        <line num="937" type="stmt" count="0"/>
        <line num="938" type="stmt" count="0"/>
        <line num="939" type="stmt" count="0"/>
        <line num="942" type="stmt" count="0"/>
        <line num="943" type="stmt" count="0"/>
        <line num="944" type="stmt" count="0"/>
        <line num="945" type="stmt" count="0"/>
        <line num="946" type="stmt" count="0"/>
        <line num="947" type="stmt" count="0"/>
        <line num="948" type="stmt" count="0"/>
        <line num="951" type="stmt" count="0"/>
        <line num="952" type="stmt" count="0"/>
        <line num="953" type="stmt" count="0"/>
        <line num="954" type="stmt" count="0"/>
        <line num="955" type="stmt" count="0"/>
        <line num="956" type="stmt" count="0"/>
        <line num="957" type="stmt" count="0"/>
        <line num="960" type="stmt" count="0"/>
        <line num="961" type="stmt" count="0"/>
        <line num="962" type="stmt" count="0"/>
        <line num="963" type="stmt" count="0"/>
        <line num="964" type="stmt" count="0"/>
        <line num="965" type="stmt" count="0"/>
        <line num="968" type="stmt" count="0"/>
        <line num="969" type="stmt" count="0"/>
        <line num="970" type="stmt" count="0"/>
        <line num="971" type="stmt" count="0"/>
        <line num="972" type="stmt" count="0"/>
        <line num="973" type="stmt" count="0"/>
        <line num="974" type="stmt" count="0"/>
        <metrics loc="977" ncloc="536" classes="1" methods="9" coveredmethods="0" conditionals="0" coveredconditionals="0" statements="346" coveredstatements="0" elements="355" coveredelements="0"/>
      </file>
      <file name="/Users/akouta/Projects/mono-php/cli/src/Concerns/InteractsWithDocker.php">
        <class name="PhpHive\Cli\Concerns\InteractsWithDocker" namespace="PhpHive\Cli\Concerns">
          <metrics complexity="27" methods="15" coveredmethods="0" conditionals="0" coveredconditionals="0" statements="89" coveredstatements="0" elements="104" coveredelements="0"/>
        </class>
        <line num="104" type="method" name="process" visibility="protected" complexity="0" crap="0" count="0"/>
        <line num="128" type="method" name="isDockerInstalled" visibility="protected" complexity="1" crap="2" count="0"/>
        <line num="131" type="stmt" count="0"/>
        <line num="159" type="method" name="isDockerRunning" visibility="protected" complexity="1" crap="2" count="0"/>
        <line num="162" type="stmt" count="0"/>
        <line num="189" type="method" name="isDockerComposeAvailable" visibility="protected" complexity="2" crap="6" count="0"/>
        <line num="192" type="stmt" count="0"/>
        <line num="193" type="stmt" count="0"/>
        <line num="197" type="stmt" count="0"/>
        <line num="226" type="method" name="isDockerAvailable" visibility="protected" complexity="3" crap="12" count="0"/>
        <line num="228" type="stmt" count="0"/>
        <line num="229" type="stmt" count="0"/>
        <line num="230" type="stmt" count="0"/>
        <line num="260" type="method" name="detectOS" visibility="protected" complexity="4" crap="20" count="0"/>
        <line num="262" type="stmt" count="0"/>
        <line num="264" type="stmt" count="0"/>
        <line num="265" type="stmt" count="0"/>
        <line num="268" type="stmt" count="0"/>
        <line num="269" type="stmt" count="0"/>
        <line num="272" type="stmt" count="0"/>
        <line num="273" type="stmt" count="0"/>
        <line num="276" type="stmt" count="0"/>
        <line num="309" type="method" name="provideDockerInstallationGuidance" visibility="protected" complexity="5" crap="30" count="0"/>
        <line num="311" type="stmt" count="0"/>
        <line num="313" type="stmt" count="0"/>
        <line num="314" type="stmt" count="0"/>
        <line num="315" type="stmt" count="0"/>
        <line num="316" type="stmt" count="0"/>
        <line num="318" type="stmt" count="0"/>
        <line num="319" type="stmt" count="0"/>
        <line num="320" type="stmt" count="0"/>
        <line num="321" type="stmt" count="0"/>
        <line num="322" type="stmt" count="0"/>
        <line num="323" type="stmt" count="0"/>
        <line num="342" type="method" name="provideMacOSInstallationGuidance" visibility="protected" complexity="1" crap="2" count="0"/>
        <line num="344" type="stmt" count="0"/>
        <line num="345" type="stmt" count="0"/>
        <line num="346" type="stmt" count="0"/>
        <line num="347" type="stmt" count="0"/>
        <line num="348" type="stmt" count="0"/>
        <line num="349" type="stmt" count="0"/>
        <line num="350" type="stmt" count="0"/>
        <line num="351" type="stmt" count="0"/>
        <line num="352" type="stmt" count="0"/>
        <line num="353" type="stmt" count="0"/>
        <line num="354" type="stmt" count="0"/>
        <line num="374" type="method" name="provideLinuxInstallationGuidance" visibility="protected" complexity="1" crap="2" count="0"/>
        <line num="376" type="stmt" count="0"/>
        <line num="377" type="stmt" count="0"/>
        <line num="378" type="stmt" count="0"/>
        <line num="379" type="stmt" count="0"/>
        <line num="380" type="stmt" count="0"/>
        <line num="381" type="stmt" count="0"/>
        <line num="382" type="stmt" count="0"/>
        <line num="383" type="stmt" count="0"/>
        <line num="384" type="stmt" count="0"/>
        <line num="385" type="stmt" count="0"/>
        <line num="386" type="stmt" count="0"/>
        <line num="387" type="stmt" count="0"/>
        <line num="388" type="stmt" count="0"/>
        <line num="389" type="stmt" count="0"/>
        <line num="390" type="stmt" count="0"/>
        <line num="410" type="method" name="provideWindowsInstallationGuidance" visibility="protected" complexity="1" crap="2" count="0"/>
        <line num="412" type="stmt" count="0"/>
        <line num="413" type="stmt" count="0"/>
        <line num="414" type="stmt" count="0"/>
        <line num="415" type="stmt" count="0"/>
        <line num="416" type="stmt" count="0"/>
        <line num="417" type="stmt" count="0"/>
        <line num="418" type="stmt" count="0"/>
        <line num="419" type="stmt" count="0"/>
        <line num="420" type="stmt" count="0"/>
        <line num="421" type="stmt" count="0"/>
        <line num="422" type="stmt" count="0"/>
        <line num="423" type="stmt" count="0"/>
        <line num="437" type="method" name="provideGenericInstallationGuidance" visibility="protected" complexity="1" crap="2" count="0"/>
        <line num="439" type="stmt" count="0"/>
        <line num="440" type="stmt" count="0"/>
        <line num="441" type="stmt" count="0"/>
        <line num="442" type="stmt" count="0"/>
        <line num="443" type="stmt" count="0"/>
        <line num="444" type="stmt" count="0"/>
        <line num="469" type="method" name="startDockerContainers" visibility="protected" complexity="1" crap="2" count="0"/>
        <line num="472" type="stmt" count="0"/>
        <line num="499" type="method" name="stopDockerContainers" visibility="protected" complexity="1" crap="2" count="0"/>
        <line num="502" type="stmt" count="0"/>
        <line num="525" type="method" name="areDockerContainersRunning" visibility="protected" complexity="2" crap="6" count="0"/>
        <line num="528" type="stmt" count="0"/>
        <line num="529" type="stmt" count="0"/>
        <line num="530" type="stmt" count="0"/>
        <line num="531" type="stmt" count="0"/>
        <line num="534" type="stmt" count="0"/>
        <line num="558" type="method" name="waitForDockerService" visibility="protected" complexity="3" crap="12" count="0"/>
        <line num="560" type="stmt" count="0"/>
        <line num="562" type="stmt" count="0"/>
        <line num="564" type="stmt" count="0"/>
        <line num="565" type="stmt" count="0"/>
        <line num="566" type="stmt" count="0"/>
        <line num="567" type="stmt" count="0"/>
        <line num="568" type="stmt" count="0"/>
        <line num="572" type="stmt" count="0"/>
        <line num="573" type="stmt" count="0"/>
        <line num="576" type="stmt" count="0"/>
        <metrics loc="579" ncloc="174" classes="1" methods="15" coveredmethods="0" conditionals="0" coveredconditionals="0" statements="89" coveredstatements="0" elements="104" coveredelements="0"/>
      </file>
      <file name="/Users/akouta/Projects/mono-php/cli/src/Concerns/InteractsWithElasticsearch.php">
        <class name="PhpHive\Cli\Concerns\InteractsWithElasticsearch" namespace="PhpHive\Cli\Concerns">
          <metrics complexity="57" methods="16" coveredmethods="0" conditionals="0" coveredconditionals="0" statements="346" coveredstatements="0" elements="362" coveredelements="0"/>
        </class>
        <line num="103" type="method" name="process" visibility="protected" complexity="0" crap="0" count="0"/>
        <line num="114" type="method" name="filesystem" visibility="protected" complexity="0" crap="0" count="0"/>
        <line num="152" type="method" name="setupElasticsearch" visibility="protected" complexity="6" crap="42" count="0"/>
        <line num="156" type="stmt" count="0"/>
        <line num="158" type="stmt" count="0"/>
        <line num="159" type="stmt" count="0"/>
        <line num="160" type="stmt" count="0"/>
        <line num="161" type="stmt" count="0"/>
        <line num="163" type="stmt" count="0"/>
        <line num="164" type="stmt" count="0"/>
        <line num="165" type="stmt" count="0"/>
        <line num="166" type="stmt" count="0"/>
        <line num="168" type="stmt" count="0"/>
        <line num="169" type="stmt" count="0"/>
        <line num="170" type="stmt" count="0"/>
        <line num="171" type="stmt" count="0"/>
        <line num="175" type="stmt" count="0"/>
        <line num="178" type="stmt" count="0"/>
        <line num="180" type="stmt" count="0"/>
        <line num="181" type="stmt" count="0"/>
        <line num="182" type="stmt" count="0"/>
        <line num="183" type="stmt" count="0"/>
        <line num="185" type="stmt" count="0"/>
        <line num="186" type="stmt" count="0"/>
        <line num="187" type="stmt" count="0"/>
        <line num="192" type="stmt" count="0"/>
        <line num="227" type="method" name="setupDockerElasticsearch" visibility="protected" complexity="6" crap="42" count="0"/>
        <line num="230" type="stmt" count="0"/>
        <line num="231" type="stmt" count="0"/>
        <line num="238" type="stmt" count="0"/>
        <line num="239" type="stmt" count="0"/>
        <line num="240" type="stmt" count="0"/>
        <line num="241" type="stmt" count="0"/>
        <line num="242" type="stmt" count="0"/>
        <line num="243" type="stmt" count="0"/>
        <line num="244" type="stmt" count="0"/>
        <line num="245" type="stmt" count="0"/>
        <line num="251" type="stmt" count="0"/>
        <line num="252" type="stmt" count="0"/>
        <line num="253" type="stmt" count="0"/>
        <line num="254" type="stmt" count="0"/>
        <line num="260" type="stmt" count="0"/>
        <line num="263" type="stmt" count="0"/>
        <line num="265" type="stmt" count="0"/>
        <line num="271" type="stmt" count="0"/>
        <line num="273" type="stmt" count="0"/>
        <line num="274" type="stmt" count="0"/>
        <line num="275" type="stmt" count="0"/>
        <line num="276" type="stmt" count="0"/>
        <line num="277" type="stmt" count="0"/>
        <line num="278" type="stmt" count="0"/>
        <line num="279" type="stmt" count="0"/>
        <line num="281" type="stmt" count="0"/>
        <line num="282" type="stmt" count="0"/>
        <line num="284" type="stmt" count="0"/>
        <line num="291" type="stmt" count="0"/>
        <line num="293" type="stmt" count="0"/>
        <line num="294" type="stmt" count="0"/>
        <line num="295" type="stmt" count="0"/>
        <line num="296" type="stmt" count="0"/>
        <line num="298" type="stmt" count="0"/>
[...]
        <line num="283" type="stmt" count="0"/>
        <line num="284" type="stmt" count="0"/>
        <line num="287" type="stmt" count="0"/>
        <metrics loc="290" ncloc="186" classes="2" methods="11" coveredmethods="0" conditionals="0" coveredconditionals="0" statements="94" coveredstatements="0" elements="105" coveredelements="0"/>
      </file>
      <file name="/Users/akouta/Projects/mono-php/cli/src/Support/Process.php">
        <class name="PhpHive\Cli\Support\Process" namespace="PhpHive\Cli\Support">
          <metrics complexity="9" methods="7" coveredmethods="0" conditionals="0" coveredconditionals="0" statements="25" coveredstatements="0" elements="32" coveredelements="0"/>
        </class>
        <line num="37" type="method" name="make" visibility="public" complexity="1" crap="2" count="0"/>
        <line num="39" type="stmt" count="0"/>
        <line num="55" type="method" name="run" visibility="public" complexity="2" crap="6" count="0"/>
        <line num="57" type="stmt" count="0"/>
        <line num="60" type="stmt" count="0"/>
        <line num="61" type="stmt" count="0"/>
        <line num="62" type="stmt" count="0"/>
        <line num="63" type="stmt" count="0"/>
        <line num="64" type="stmt" count="0"/>
        <line num="65" type="stmt" count="0"/>
        <line num="66" type="stmt" count="0"/>
        <line num="69" type="stmt" count="0"/>
        <line num="83" type="method" name="execute" visibility="public" complexity="1" crap="2" count="0"/>
        <line num="85" type="stmt" count="0"/>
        <line num="86" type="stmt" count="0"/>
        <line num="88" type="stmt" count="0"/>
        <line num="103" type="method" name="succeeds" visibility="public" complexity="1" crap="2" count="0"/>
        <line num="105" type="stmt" count="0"/>
        <line num="106" type="stmt" count="0"/>
        <line num="108" type="stmt" count="0"/>
        <line num="124" type="method" name="runWithOutput" visibility="public" complexity="1" crap="2" count="0"/>
        <line num="130" type="stmt" count="0"/>
        <line num="131" type="stmt" count="0"/>
        <line num="133" type="stmt" count="0"/>
        <line num="135" type="stmt" count="0"/>
        <line num="147" type="method" name="commandExists" visibility="public" complexity="2" crap="6" count="0"/>
        <line num="150" type="stmt" count="0"/>
        <line num="152" type="stmt" count="0"/>
        <line num="166" type="method" name="createProcess" visibility="private" complexity="1" crap="2" count="0"/>
        <line num="168" type="stmt" count="0"/>
        <line num="169" type="stmt" count="0"/>
        <line num="171" type="stmt" count="0"/>
        <metrics loc="174" ncloc="82" classes="1" methods="7" coveredmethods="0" conditionals="0" coveredconditionals="0" statements="25" coveredstatements="0" elements="32" coveredelements="0"/>
      </file>
      <file name="/Users/akouta/Projects/mono-php/cli/src/Support/Reflection.php">
        <class name="PhpHive\Cli\Support\Reflection" namespace="PhpHive\Cli\Support">
          <metrics complexity="100" methods="65" coveredmethods="14" conditionals="0" coveredconditionals="0" statements="180" coveredstatements="31" elements="245" coveredelements="45"/>
        </class>
        <line num="72" type="method" name="getClass" visibility="public" complexity="1" crap="1" count="11"/>
        <line num="74" type="stmt" count="11"/>
        <line num="89" type="method" name="getFunction" visibility="public" complexity="3" crap="12" count="0"/>
        <line num="91" type="stmt" count="0"/>
        <line num="92" type="stmt" count="0"/>
        <line num="95" type="stmt" count="0"/>
        <line num="107" type="method" name="exists" visibility="public" complexity="1" crap="1" count="3"/>
        <line num="109" type="stmt" count="3"/>
        <line num="118" type="method" name="interfaceExists" visibility="public" complexity="1" crap="2" count="0"/>
        <line num="120" type="stmt" count="0"/>
        <line num="129" type="method" name="traitExists" visibility="public" complexity="1" crap="2" count="0"/>
        <line num="131" type="stmt" count="0"/>
        <line num="140" type="method" name="getDefaultProperties" visibility="public" complexity="1" crap="2" count="0"/>
        <line num="142" type="stmt" count="0"/>
        <line num="155" type="method" name="methodExists" visibility="public" complexity="1" crap="1" count="3"/>
        <line num="158" type="stmt" count="3"/>
        <line num="161" type="stmt" count="3"/>
        <line num="174" type="method" name="propertyExists" visibility="public" complexity="1" crap="1" count="1"/>
        <line num="177" type="stmt" count="1"/>
        <line num="180" type="stmt" count="1"/>
        <line num="193" type="method" name="constantExists" visibility="public" complexity="1" crap="2" count="0"/>
        <line num="196" type="stmt" count="0"/>
        <line num="199" type="stmt" count="0"/>
        <line num="212" type="method" name="hasAttributes" visibility="public" complexity="1" crap="1" count="2"/>
        <line num="215" type="stmt" count="2"/>
        <line num="218" type="stmt" count="2"/>
        <line num="231" type="method" name="hasTraits" visibility="public" complexity="1" crap="2" count="0"/>
        <line num="234" type="stmt" count="0"/>
        <line num="237" type="stmt" count="0"/>
        <line num="249" type="method" name="getClassName" visibility="public" complexity="1" crap="1" count="1"/>
        <line num="252" type="stmt" count="1"/>
        <line num="256" type="stmt" count="1"/>
        <line num="270" type="method" name="getClassBasename" visibility="public" complexity="6" crap="42" count="0"/>
        <line num="274" type="stmt" count="0"/>
        <line num="277" type="stmt" count="0"/>
        <line num="280" type="stmt" count="0"/>
        <line num="283" type="stmt" count="0"/>
        <line num="285" type="stmt" count="0"/>
        <line num="286" type="stmt" count="0"/>
        <line num="290" type="stmt" count="0"/>
        <line num="291" type="stmt" count="0"/>
        <line num="292" type="stmt" count="0"/>
        <line num="297" type="stmt" count="0"/>
        <line num="299" type="stmt" count="0"/>
        <line num="314" type="method" name="getFullyQualifiedClassName" visibility="public" complexity="6" crap="42" count="0"/>
        <line num="317" type="stmt" count="0"/>
        <line num="320" type="stmt" count="0"/>
        <line num="321" type="stmt" count="0"/>
        <line num="326" type="stmt" count="0"/>
        <line num="327" type="stmt" count="0"/>
        <line num="328" type="stmt" count="0"/>
        <line num="332" type="stmt" count="0"/>
        <line num="335" type="stmt" count="0"/>
        <line num="338" type="stmt" count="0"/>
        <line num="339" type="stmt" count="0"/>
        <line num="342" type="stmt" count="0"/>
        <line num="343" type="stmt" count="0"/>
        <line num="344" type="stmt" count="0"/>
        <line num="345" type="stmt" count="0"/>
        <line num="348" type="stmt" count="0"/>
        <line num="349" type="stmt" count="0"/>
        <line num="353" type="stmt" count="0"/>
        <line num="354" type="stmt" count="0"/>
        <line num="355" type="stmt" count="0"/>
        <line num="356" type="stmt" count="0"/>
        <line num="360" type="stmt" count="0"/>
        <line num="363" type="stmt" count="0"/>
        <line num="374" type="method" name="getClassShortName" visibility="public" complexity="1" crap="1" count="1"/>
        <line num="377" type="stmt" count="1"/>
        <line num="380" type="stmt" count="1"/>
        <line num="389" type="method" name="getFileName" visibility="public" complexity="1" crap="2" count="0"/>
        <line num="391" type="stmt" count="0"/>
        <line num="400" type="method" name="getStartLine" visibility="public" complexity="1" crap="2" count="0"/>
        <line num="402" type="stmt" count="0"/>
        <line num="411" type="method" name="getEndLine" visibility="public" complexity="1" crap="2" count="0"/>
        <line num="413" type="stmt" count="0"/>
        <line num="422" type="method" name="getDocComment" visibility="public" complexity="1" crap="2" count="0"/>
        <line num="424" type="stmt" count="0"/>
        <line num="433" type="method" name="isEnum" visibility="public" complexity="1" crap="2" count="0"/>
        <line num="436" type="stmt" count="0"/>
        <line num="445" type="method" name="isAbstract" visibility="public" complexity="1" crap="1" count="3"/>
        <line num="447" type="stmt" count="3"/>
        <line num="456" type="method" name="isFinal" visibility="public" complexity="1" crap="1" count="1"/>
        <line num="458" type="stmt" count="1"/>
        <line num="467" type="method" name="isInstantiable" visibility="public" complexity="1" crap="2" count="0"/>
        <line num="469" type="stmt" count="0"/>
        <line num="478" type="method" name="isAnonymous" visibility="public" complexity="1" crap="2" count="0"/>
        <line num="480" type="stmt" count="0"/>
        <line num="490" type="method" name="hasMethod" visibility="public" complexity="1" crap="1" count="1"/>
        <line num="492" type="stmt" count="1"/>
        <line num="502" type="method" name="hasProperty" visibility="public" complexity="1" crap="2" count="0"/>
        <line num="504" type="stmt" count="0"/>
        <line num="514" type="method" name="isMethodStatic" visibility="public" complexity="1" crap="2" count="0"/>
        <line num="516" type="stmt" count="0"/>
        <line num="526" type="method" name="isPropertyStatic" visibility="public" complexity="1" crap="2" count="0"/>
        <line num="528" type="stmt" count="0"/>
        <line num="537" type="method" name="isInterface" visibility="public" complexity="1" crap="1" count="2"/>
        <line num="539" type="stmt" count="2"/>
        <line num="548" type="method" name="isTrait" visibility="public" complexity="1" crap="2" count="0"/>
        <line num="550" type="stmt" count="0"/>
        <line num="560" type="method" name="getConstant" visibility="public" complexity="2" crap="6" count="0"/>
        <line num="563" type="stmt" count="0"/>
        <line num="566" type="stmt" count="0"/>
        <line num="576" type="method" name="getConstants" visibility="public" complexity="1" crap="2" count="0"/>
        <line num="578" type="stmt" count="0"/>
        <line num="587" type="method" name="getConstructor" visibility="public" complexity="1" crap="2" count="0"/>
        <line num="589" type="stmt" count="0"/>
        <line num="598" type="method" name="getInterfaceNames" visibility="public" complexity="1" crap="2" count="0"/>
        <line num="600" type="stmt" count="0"/>
        <line num="609" type="method" name="getInterfaces" visibility="public" complexity="1" crap="2" count="0"/>
        <line num="611" type="stmt" count="0"/>
        <line num="621" type="method" name="getMethod" visibility="public" complexity="1" crap="2" count="0"/>
        <line num="623" type="stmt" count="0"/>
        <line num="633" type="method" name="getMethods" visibility="public" complexity="1" crap="1" count="1"/>
        <line num="635" type="stmt" count="1"/>
        <line num="646" type="method" name="getNamespaceName" visibility="public" complexity="2" crap="6" count="0"/>
        <line num="649" type="stmt" count="0"/>
        <line num="652" type="stmt" count="0"/>
        <line num="655" type="stmt" count="0"/>
        <line num="658" type="stmt" count="0"/>
        <line num="659" type="stmt" count="0"/>
        <line num="662" type="stmt" count="0"/>
        <line num="671" type="method" name="getParentClass" visibility="public" complexity="1" crap="2" count="0"/>
        <line num="673" type="stmt" count="0"/>
        <line num="683" type="method" name="getProperties" visibility="public" complexity="1" crap="1" count="1"/>
        <line num="685" type="stmt" count="1"/>
        <line num="695" type="method" name="getProperty" visibility="public" complexity="2" crap="6" count="0"/>
        <line num="698" type="stmt" count="0"/>
        <line num="699" type="stmt" count="0"/>
        <line num="700" type="stmt" count="0"/>
        <line num="711" type="method" name="getReflectionConstant" visibility="public" complexity="1" crap="2" count="0"/>
        <line num="713" type="stmt" count="0"/>
        <line num="723" type="method" name="getReflectionConstants" visibility="public" complexity="1" crap="2" count="0"/>
        <line num="725" type="stmt" count="0"/>
        <line num="734" type="method" name="getName" visibility="public" complexity="1" crap="2" count="0"/>
        <line num="736" type="stmt" count="0"/>
        <line num="745" type="method" name="getShortName" visibility="public" complexity="1" crap="2" count="0"/>
        <line num="747" type="stmt" count="0"/>
        <line num="756" type="method" name="getStaticProperties" visibility="public" complexity="1" crap="2" count="0"/>
        <line num="758" type="stmt" count="0"/>
        <line num="769" type="method" name="getStaticProperty" visibility="public" complexity="1" crap="2" count="0"/>
        <line num="771" type="stmt" count="0"/>
        <line num="782" type="method" name="getTraitNames" visibility="public" complexity="1" crap="2" count="0"/>
        <line num="784" type="stmt" count="0"/>
        <line num="786" type="stmt" count="0"/>
        <line num="787" type="stmt" count="0"/>
        <line num="788" type="stmt" count="0"/>
        <line num="790" type="stmt" count="0"/>
        <line num="792" type="stmt" count="0"/>
        <line num="793" type="stmt" count="0"/>
        <line num="794" type="stmt" count="0"/>
        <line num="795" type="stmt" count="0"/>
        <line num="796" type="stmt" count="0"/>
        <line num="797" type="stmt" count="0"/>
        <line num="806" type="method" name="getTraits" visibility="public" complexity="1" crap="2" count="0"/>
        <line num="808" type="stmt" count="0"/>
        <line num="821" type="method" name="hasTrait" visibility="public" complexity="4" crap="20" count="0"/>
        <line num="825" type="stmt" count="0"/>
        <line num="828" type="stmt" count="0"/>
        <line num="831" type="stmt" count="0"/>
        <line num="832" type="stmt" count="0"/>
        <line num="836" type="stmt" count="0"/>
        <line num="838" type="stmt" count="0"/>
        <line num="840" type="stmt" count="0"/>
        <line num="843" type="stmt" count="0"/>
        <line num="847" type="stmt" count="0"/>
        <line num="857" type="method" name="hasConstant" visibility="public" complexity="1" crap="2" count="0"/>
        <line num="859" type="stmt" count="0"/>
        <line num="885" type="method" name="implements" visibility="public" complexity="2" crap="6" count="0"/>
        <line num="888" type="stmt" count="0"/>
        <line num="889" type="stmt" count="0"/>
        <line num="893" type="stmt" count="0"/>
        <line num="903" type="method" name="isSubclassOf" visibility="public" complexity="1" crap="2" count="0"/>
        <line num="905" type="stmt" count="0"/>
        <line num="917" type="method" name="getDeclaredProperties" visibility="public" complexity="1" crap="2" count="0"/>
        <line num="920" type="stmt" count="0"/>
        <line num="923" type="stmt" count="0"/>
        <line num="926" type="stmt" count="0"/>
        <line num="938" type="method" name="getDeclaredMethods" visibility="public" complexity="1" crap="2" count="0"/>
        <line num="941" type="stmt" count="0"/>
        <line num="944" type="stmt" count="0"/>
        <line num="947" type="stmt" count="0"/>
        <line num="959" type="method" name="getDeclaredConstants" visibility="public" complexity="1" crap="2" count="0"/>
        <line num="962" type="stmt" count="0"/>
        <line num="965" type="stmt" count="0"/>
        <line num="969" type="stmt" count="0"/>
        <line num="970" type="stmt" count="0"/>
        <line num="971" type="stmt" count="0"/>
        <line num="972" type="stmt" count="0"/>
        <line num="984" type="method" name="getDeclaredClassConstants" visibility="public" complexity="1" crap="2" count="0"/>
        <line num="987" type="stmt" count="0"/>
        <line num="990" type="stmt" count="0"/>
        <line num="993" type="stmt" count="0"/>
        <line num="1004" type="method" name="isFacade" visibility="public" complexity="1" crap="2" count="0"/>
        <line num="1006" type="stmt" count="0"/>
        <line num="1009" type="stmt" count="0"/>
        <line num="1020" type="method" name="isInterceptor" visibility="public" complexity="1" crap="2" count="0"/>
        <line num="1023" type="stmt" count="0"/>
        <line num="1026" type="stmt" count="0"/>
        <line num="1042" type="method" name="getParameter" visibility="public" complexity="4" crap="20" count="0"/>
        <line num="1046" type="stmt" count="0"/>
        <line num="1049" type="stmt" count="0"/>
        <line num="1052" type="stmt" count="0"/>
        <line num="1053" type="stmt" count="0"/>
        <line num="1054" type="stmt" count="0"/>
        <line num="1058" type="stmt" count="0"/>
        <line num="1059" type="stmt" count="0"/>
        <line num="1060" type="stmt" count="0"/>
        <line num="1061" type="stmt" count="0"/>
        <line num="1062" type="stmt" count="0"/>
        <line num="1078" type="method" name="getParameters" visibility="public" complexity="3" crap="12" count="0"/>
        <line num="1082" type="stmt" count="0"/>
        <line num="1085" type="stmt" count="0"/>
        <line num="1088" type="stmt" count="0"/>
        <line num="1089" type="stmt" count="0"/>
        <line num="1090" type="stmt" count="0"/>
        <line num="1093" type="stmt" count="0"/>
        <line num="1094" type="stmt" count="0"/>
        <line num="1095" type="stmt" count="0"/>
        <line num="1096" type="stmt" count="0"/>
        <line num="1097" type="stmt" count="0"/>
        <line num="1110" type="method" name="getAttributes" visibility="public" complexity="2" crap="6" count="0"/>
        <line num="1113" type="stmt" count="0"/>
        <line num="1116" type="stmt" count="0"/>
        <line num="1128" type="method" name="getAttribute" visibility="public" complexity="2" crap="6" count="0"/>
        <line num="1131" type="stmt" count="0"/>
        <line num="1134" type="stmt" count="0"/>
        <line num="1143" type="method" name="normalizeClassName" visibility="private" complexity="3" crap="3" count="2"/>
        <line num="1146" type="stmt" count="2"/>
        <line num="1147" type="stmt" count="2"/>
        <line num="1150" type="stmt" count="2"/>
        <line num="1153" type="stmt" count="2"/>
        <line num="1155" type="stmt" count="2"/>
        <line num="1169" type="method" name="getReflectionClass" visibility="private" complexity="8" crap="9.30" count="11"/>
        <line num="1172" type="stmt" count="11"/>
        <line num="1175" type="stmt" count="11"/>
        <line num="1176" type="stmt" count="9"/>
        <line num="1180" type="stmt" count="5"/>
        <line num="1181" type="stmt" count="0"/>
        <line num="1182" type="stmt" count="0"/>
        <line num="1186" type="stmt" count="5"/>
        <line num="1187" type="stmt" count="0"/>
        <line num="1191" type="stmt" count="5"/>
        <line num="1194" type="stmt" count="5"/>
        <line num="1196" type="stmt" count="5"/>
        <metrics loc="1199" ncloc="582" classes="1" methods="65" coveredmethods="14" conditionals="0" coveredconditionals="0" statements="180" coveredstatements="31" elements="245" coveredelements="45"/>
      </file>
    </package>
    <metrics files="66" loc="23827" ncloc="11630" classes="65" methods="524" coveredmethods="75" conditionals="0" coveredconditionals="0" statements="5386" coveredstatements="754" elements="5910" coveredelements="829"/>
  </project>
</coverage>
