<?xml version="1.0" encoding="UTF-8"?>
<!DOCTYPE coverage SYSTEM "http://cobertura.sourceforge.net/xml/coverage-04.dtd">
<coverage line-rate="0.13999257333828" branch-rate="0" lines-covered="754" lines-valid="5386" branches-covered="0" branches-valid="0" complexity="1343" version="0.4" timestamp="1770896545">
  <sources>
    <source>/Users/akouta/Projects/mono-php/cli/src</source>
  </sources>
  <packages>
    <package name="AppTypes/AbstractAppType.php" line-rate="0" branch-rate="0" complexity="8">
      <classes>
        <class name="PhpHive\Cli\AppTypes\AbstractAppType" filename="AppTypes/AbstractAppType.php" line-rate="0" branch-rate="0" complexity="8">
          <methods>
            <method name="getPreInstallCommands" signature="array $config" line-rate="0" branch-rate="0" complexity="1">
              <lines>
                <line number="108" hits="0"/>
              </lines>
            </method>
            <method name="filesystem" signature="" line-rate="0" branch-rate="0" complexity="2">
              <lines>
                <line number="137" hits="0"/>
                <line number="138" hits="0"/>
                <line number="141" hits="0"/>
              </lines>
            </method>
            <method name="getBaseStubPath" signature="" line-rate="0" branch-rate="0" complexity="1">
              <lines>
                <line number="160" hits="0"/>
              </lines>
            </method>
            <method name="normalizeAppName" signature="string $name" line-rate="0" branch-rate="0" complexity="1">
              <lines>
                <line number="188" hits="0"/>
              </lines>
            </method>
            <method name="nameToNamespace" signature="string $name" line-rate="0" branch-rate="0" complexity="1">
              <lines>
                <line number="219" hits="0"/>
              </lines>
            </method>
            <method name="getCommonStubVariables" signature="array $config" line-rate="0" branch-rate="0" complexity="1">
              <lines>
                <line number="259" hits="0"/>
                <line number="262" hits="0"/>
                <line number="264" hits="0"/>
                <line number="266" hits="0"/>
                <line number="268" hits="0"/>
                <line number="270" hits="0"/>
                <line number="272" hits="0"/>
                <line number="274" hits="0"/>
                <line number="275" hits="0"/>
              </lines>
            </method>
            <method name="composerService" signature="" line-rate="0" branch-rate="0" complexity="1">
              <lines>
                <line number="297" hits="0"/>
              </lines>
            </method>
          </methods>
          <lines>
            <line number="108" hits="0"/>
            <line number="137" hits="0"/>
            <line number="138" hits="0"/>
            <line number="141" hits="0"/>
            <line number="160" hits="0"/>
            <line number="188" hits="0"/>
            <line number="219" hits="0"/>
            <line number="259" hits="0"/>
            <line number="262" hits="0"/>
            <line number="264" hits="0"/>
            <line number="266" hits="0"/>
            <line number="268" hits="0"/>
            <line number="270" hits="0"/>
            <line number="272" hits="0"/>
            <line number="274" hits="0"/>
            <line number="275" hits="0"/>
            <line number="297" hits="0"/>
          </lines>
        </class>
      </classes>
    </package>
    <package name="AppTypes/LaravelAppType.php" line-rate="0" branch-rate="0" complexity="13">
      <classes>
        <class name="PhpHive\Cli\AppTypes\LaravelAppType" filename="AppTypes/LaravelAppType.php" line-rate="0" branch-rate="0" complexity="13">
          <methods>
            <method name="getName" signature="" line-rate="0" branch-rate="0" complexity="1">
              <lines>
                <line number="64" hits="0"/>
              </lines>
            </method>
            <method name="getDescription" signature="" line-rate="0" branch-rate="0" complexity="1">
              <lines>
                <line number="77" hits="0"/>
              </lines>
            </method>
            <method name="collectConfiguration" signature="Symfony\Component\Console\Input\InputInterface $input, Symfony\Component\Console\Output\OutputInterface $output" line-rate="0" branch-rate="0" complexity="1">
              <lines>
                <line number="105" hits="0"/>
                <line number="106" hits="0"/>
                <line number="109" hits="0"/>
                <line number="116" hits="0"/>
                <line number="117" hits="0"/>
                <line number="118" hits="0"/>
                <line number="119" hits="0"/>
                <line number="120" hits="0"/>
                <line number="123" hits="0"/>
                <line number="124" hits="0"/>
                <line number="125" hits="0"/>
                <line number="126" hits="0"/>
                <line number="127" hits="0"/>
                <line number="137" hits="0"/>
                <line number="138" hits="0"/>
                <line number="139" hits="0"/>
                <line number="140" hits="0"/>
                <line number="141" hits="0"/>
                <line number="142" hits="0"/>
                <line number="143" hits="0"/>
                <line number="144" hits="0"/>
                <line number="145" hits="0"/>
                <line number="148" hits="0"/>
                <line number="158" hits="0"/>
                <line number="159" hits="0"/>
                <line number="160" hits="0"/>
                <line number="161" hits="0"/>
                <line number="162" hits="0"/>
                <line number="163" hits="0"/>
                <line number="164" hits="0"/>
                <line number="165" hits="0"/>
                <line number="166" hits="0"/>
                <line number="174" hits="0"/>
                <line number="175" hits="0"/>
                <line number="176" hits="0"/>
                <line number="177" hits="0"/>
                <line number="178" hits="0"/>
                <line number="179" hits="0"/>
                <line number="180" hits="0"/>
                <line number="181" hits="0"/>
                <line number="182" hits="0"/>
                <line number="183" hits="0"/>
                <line number="191" hits="0"/>
                <line number="192" hits="0"/>
                <line number="193" hits="0"/>
                <line number="194" hits="0"/>
                <line number="198" hits="0"/>
                <line number="199" hits="0"/>
                <line number="200" hits="0"/>
                <line number="201" hits="0"/>
                <line number="205" hits="0"/>
                <line number="206" hits="0"/>
                <line number="207" hits="0"/>
                <line number="208" hits="0"/>
                <line number="212" hits="0"/>
                <line number="213" hits="0"/>
                <line number="214" hits="0"/>
                <line number="215" hits="0"/>
                <line number="217" hits="0"/>
              </lines>
            </method>
            <method name="getInstallCommand" signature="array $config" line-rate="0" branch-rate="0" complexity="1">
              <lines>
                <line number="241" hits="0"/>
                <line number="245" hits="0"/>
              </lines>
            </method>
            <method name="getPostInstallCommands" signature="array $config" line-rate="0" branch-rate="0" complexity="7">
              <lines>
                <line number="270" hits="0"/>
                <line number="272" hits="0"/>
                <line number="273" hits="0"/>
                <line number="281" hits="0"/>
                <line number="284" hits="0"/>
                <line number="288" hits="0"/>
                <line number="289" hits="0"/>
                <line number="290" hits="0"/>
                <line number="291" hits="0"/>
                <line number="292" hits="0"/>
                <line number="293" hits="0"/>
                <line number="301" hits="0"/>
                <line number="303" hits="0"/>
                <line number="306" hits="0"/>
                <line number="311" hits="0"/>
                <line number="313" hits="0"/>
                <line number="317" hits="0"/>
                <line number="326" hits="0"/>
                <line number="327" hits="0"/>
                <line number="328" hits="0"/>
                <line number="333" hits="0"/>
                <line number="334" hits="0"/>
                <line number="335" hits="0"/>
                <line number="340" hits="0"/>
                <line number="342" hits="0"/>
                <line number="347" hits="0"/>
                <line number="348" hits="0"/>
                <line number="349" hits="0"/>
                <line number="358" hits="0"/>
                <line number="360" hits="0"/>
              </lines>
            </method>
            <method name="getStubPath" signature="" line-rate="0" branch-rate="0" complexity="1">
              <lines>
                <line number="382" hits="0"/>
              </lines>
            </method>
            <method name="getStubVariables" signature="array $config" line-rate="0" branch-rate="0" complexity="1">
              <lines>
                <line number="420" hits="0"/>
                <line number="423" hits="0"/>
                <line number="424" hits="0"/>
                <line number="426" hits="0"/>
                <line number="429" hits="0"/>
                <line number="430" hits="0"/>
              </lines>
            </method>
          </methods>
          <lines>
            <line number="64" hits="0"/>
            <line number="77" hits="0"/>
            <line number="105" hits="0"/>
            <line number="106" hits="0"/>
            <line number="109" hits="0"/>
            <line number="116" hits="0"/>
            <line number="117" hits="0"/>
            <line number="118" hits="0"/>
            <line number="119" hits="0"/>
            <line number="120" hits="0"/>
            <line number="123" hits="0"/>
            <line number="124" hits="0"/>
            <line number="125" hits="0"/>
            <line number="126" hits="0"/>
            <line number="127" hits="0"/>
            <line number="137" hits="0"/>
            <line number="138" hits="0"/>
            <line number="139" hits="0"/>
            <line number="140" hits="0"/>
            <line number="141" hits="0"/>
            <line number="142" hits="0"/>
            <line number="143" hits="0"/>
            <line number="144" hits="0"/>
            <line number="145" hits="0"/>
            <line number="148" hits="0"/>
            <line number="158" hits="0"/>
            <line number="159" hits="0"/>
            <line number="160" hits="0"/>
            <line number="161" hits="0"/>
            <line number="162" hits="0"/>
            <line number="163" hits="0"/>
            <line number="164" hits="0"/>
            <line number="165" hits="0"/>
            <line number="166" hits="0"/>
            <line number="174" hits="0"/>
            <line number="175" hits="0"/>
            <line number="176" hits="0"/>
            <line number="177" hits="0"/>
            <line number="178" hits="0"/>
            <line number="179" hits="0"/>
            <line number="180" hits="0"/>
            <line number="181" hits="0"/>
            <line number="182" hits="0"/>
            <line number="183" hits="0"/>
            <line number="191" hits="0"/>
            <line number="192" hits="0"/>
            <line number="193" hits="0"/>
            <line number="194" hits="0"/>
            <line number="198" hits="0"/>
            <line number="199" hits="0"/>
            <line number="200" hits="0"/>
            <line number="201" hits="0"/>
            <line number="205" hits="0"/>
            <line number="206" hits="0"/>
            <line number="207" hits="0"/>
            <line number="208" hits="0"/>
            <line number="212" hits="0"/>
            <line number="213" hits="0"/>
            <line number="214" hits="0"/>
            <line number="215" hits="0"/>
            <line number="217" hits="0"/>
            <line number="241" hits="0"/>
            <line number="245" hits="0"/>
            <line number="270" hits="0"/>
            <line number="272" hits="0"/>
            <line number="273" hits="0"/>
            <line number="281" hits="0"/>
            <line number="284" hits="0"/>
            <line number="288" hits="0"/>
            <line number="289" hits="0"/>
            <line number="290" hits="0"/>
            <line number="291" hits="0"/>
            <line number="292" hits="0"/>
            <line number="293" hits="0"/>
            <line number="301" hits="0"/>
            <line number="303" hits="0"/>
            <line number="306" hits="0"/>
            <line number="311" hits="0"/>
            <line number="313" hits="0"/>
            <line number="317" hits="0"/>
            <line number="326" hits="0"/>
            <line number="327" hits="0"/>
            <line number="328" hits="0"/>
            <line number="333" hits="0"/>
            <line number="334" hits="0"/>
            <line number="335" hits="0"/>
            <line number="340" hits="0"/>
            <line number="342" hits="0"/>
            <line number="347" hits="0"/>
            <line number="348" hits="0"/>
            <line number="349" hits="0"/>
            <line number="358" hits="0"/>
            <line number="360" hits="0"/>
            <line number="382" hits="0"/>
            <line number="420" hits="0"/>
            <line number="423" hits="0"/>
            <line number="424" hits="0"/>
            <line number="426" hits="0"/>
            <line number="429" hits="0"/>
            <line number="430" hits="0"/>
          </lines>
        </class>
      </classes>
    </package>
    <package name="AppTypes/MagentoAppType.php" line-rate="0" branch-rate="0" complexity="39">
      <classes>
        <class name="PhpHive\Cli\AppTypes\MagentoAppType" filename="AppTypes/MagentoAppType.php" line-rate="0" branch-rate="0" complexity="39">
          <methods>
            <method name="getName" signature="" line-rate="0" branch-rate="0" complexity="1">
              <lines>
                <line number="121" hits="0"/>
              </lines>
            </method>
            <method name="getDescription" signature="" line-rate="0" branch-rate="0" complexity="1">
              <lines>
                <line number="134" hits="0"/>
              </lines>
            </method>
            <method name="collectConfiguration" signature="Symfony\Component\Console\Input\InputInterface $input, Symfony\Component\Console\Output\OutputInterface $output" line-rate="0" branch-rate="0" complexity="20">
              <lines>
                <line number="186" hits="0"/>
                <line number="187" hits="0"/>
                <line number="190" hits="0"/>
                <line number="197" hits="0"/>
                <line number="200" hits="0"/>
                <line number="201" hits="0"/>
                <line number="202" hits="0"/>
                <line number="203" hits="0"/>
                <line number="204" hits="0"/>
                <line number="211" hits="0"/>
                <line number="212" hits="0"/>
                <line number="213" hits="0"/>
                <line number="220" hits="0"/>
                <line number="221" hits="0"/>
                <line number="222" hits="0"/>
                <line number="223" hits="0"/>
                <line number="224" hits="0"/>
                <line number="225" hits="0"/>
                <line number="226" hits="0"/>
                <line number="227" hits="0"/>
                <line number="230" hits="0"/>
                <line number="231" hits="0"/>
                <line number="232" hits="0"/>
                <line number="233" hits="0"/>
                <line number="234" hits="0"/>
                <line number="235" hits="0"/>
                <line number="236" hits="0"/>
                <line number="237" hits="0"/>
                <line number="238" hits="0"/>
                <line number="245" hits="0"/>
                <line number="246" hits="0"/>
                <line number="247" hits="0"/>
                <line number="248" hits="0"/>
                <line number="249" hits="0"/>
                <line number="252" hits="0"/>
                <line number="253" hits="0"/>
                <line number="254" hits="0"/>
                <line number="255" hits="0"/>
                <line number="256" hits="0"/>
                <line number="257" hits="0"/>
                <line number="260" hits="0"/>
                <line number="261" hits="0"/>
                <line number="264" hits="0"/>
                <line number="267" hits="0"/>
                <line number="268" hits="0"/>
                <line number="269" hits="0"/>
                <line number="271" hits="0"/>
                <line number="272" hits="0"/>
                <line number="274" hits="0"/>
                <line number="278" hits="0"/>
                <line number="282" hits="0"/>
                <line number="283" hits="0"/>
                <line number="284" hits="0"/>
                <line number="285" hits="0"/>
                <line number="286" hits="0"/>
                <line number="294" hits="0"/>
                <line number="295" hits="0"/>
                <line number="296" hits="0"/>
                <line number="297" hits="0"/>
                <line number="298" hits="0"/>
                <line number="299" hits="0"/>
                <line number="302" hits="0"/>
                <line number="303" hits="0"/>
                <line number="304" hits="0"/>
                <line number="305" hits="0"/>
                <line number="306" hits="0"/>
                <line number="307" hits="0"/>
                <line number="310" hits="0"/>
                <line number="311" hits="0"/>
                <line number="312" hits="0"/>
                <line number="313" hits="0"/>
                <line number="314" hits="0"/>
                <line number="315" hits="0"/>
                <line number="318" hits="0"/>
                <line number="319" hits="0"/>
                <line number="320" hits="0"/>
                <line number="321" hits="0"/>
                <line number="322" hits="0"/>
                <line number="323" hits="0"/>
                <line number="326" hits="0"/>
                <line number="327" hits="0"/>
                <line number="328" hits="0"/>
                <line number="329" hits="0"/>
                <line number="330" hits="0"/>
                <line number="331" hits="0"/>
                <line number="338" hits="0"/>
                <line number="339" hits="0"/>
                <line number="340" hits="0"/>
                <line number="341" hits="0"/>
                <line number="342" hits="0"/>
                <line number="343" hits="0"/>
                <line number="346" hits="0"/>
                <line number="347" hits="0"/>
                <line number="348" hits="0"/>
                <line number="349" hits="0"/>
                <line number="350" hits="0"/>
                <line number="351" hits="0"/>
                <line number="352" hits="0"/>
                <line number="353" hits="0"/>
                <line number="354" hits="0"/>
                <line number="355" hits="0"/>
                <line number="356" hits="0"/>
                <line number="359" hits="0"/>
                <line number="360" hits="0"/>
                <line number="361" hits="0"/>
                <line number="362" hits="0"/>
                <line number="363" hits="0"/>
                <line number="364" hits="0"/>
                <line number="365" hits="0"/>
                <line number="366" hits="0"/>
                <line number="367" hits="0"/>
                <line number="370" hits="0"/>
                <line number="371" hits="0"/>
                <line number="372" hits="0"/>
                <line number="373" hits="0"/>
                <line number="374" hits="0"/>
                <line number="375" hits="0"/>
                <line number="376" hits="0"/>
                <line number="377" hits="0"/>
                <line number="378" hits="0"/>
                <line number="379" hits="0"/>
                <line number="380" hits="0"/>
                <line number="387" hits="0"/>
                <line number="388" hits="0"/>
                <line number="389" hits="0"/>
                <line number="390" hits="0"/>
                <line number="391" hits="0"/>
                <line number="398" hits="0"/>
                <line number="399" hits="0"/>
                <line number="400" hits="0"/>
                <line number="401" hits="0"/>
                <line number="402" hits="0"/>
                <line number="405" hits="0"/>
                <line number="406" hits="0"/>
                <line number="409" hits="0"/>
                <line number="412" hits="0"/>
                <line number="413" hits="0"/>
                <line number="414" hits="0"/>
                <line number="415" hits="0"/>
                <line number="423" hits="0"/>
                <line number="424" hits="0"/>
                <line number="427" hits="0"/>
                <line number="428" hits="0"/>
                <line number="429" hits="0"/>
                <line number="430" hits="0"/>
                <line number="432" hits="0"/>
                <line number="433" hits="0"/>
                <line number="435" hits="0"/>
                <line number="436" hits="0"/>
                <line number="437" hits="0"/>
                <line number="438" hits="0"/>
                <line number="439" hits="0"/>
                <line number="440" hits="0"/>
                <line number="443" hits="0"/>
                <line number="444" hits="0"/>
                <line number="445" hits="0"/>
                <line number="446" hits="0"/>
                <line number="447" hits="0"/>
                <line number="448" hits="0"/>
                <line number="449" hits="0"/>
                <line number="450" hits="0"/>
                <line number="451" hits="0"/>
                <line number="453" hits="0"/>
                <line number="454" hits="0"/>
                <line number="458" hits="0"/>
                <line number="459" hits="0"/>
                <line number="462" hits="0"/>
                <line number="465" hits="0"/>
                <line number="466" hits="0"/>
                <line number="467" hits="0"/>
                <line number="468" hits="0"/>
                <line number="469" hits="0"/>
                <line number="473" hits="0"/>
                <line number="474" hits="0"/>
                <line number="477" hits="0"/>
                <line number="480" hits="0"/>
                <line number="481" hits="0"/>
                <line number="482" hits="0"/>
                <line number="483" hits="0"/>
                <line number="491" hits="0"/>
                <line number="492" hits="0"/>
                <line number="493" hits="0"/>
                <line number="494" hits="0"/>
                <line number="495" hits="0"/>
                <line number="498" hits="0"/>
                <line number="499" hits="0"/>
                <line number="502" hits="0"/>
                <line number="505" hits="0"/>
                <line number="506" hits="0"/>
                <line number="507" hits="0"/>
                <line number="508" hits="0"/>
                <line number="509" hits="0"/>
                <line number="510" hits="0"/>
                <line number="513" hits="0"/>
              </lines>
            </method>
            <method name="getInstallCommand" signature="array $config" line-rate="0" branch-rate="0" complexity="4">
              <lines>
                <line number="534" hits="0"/>
                <line number="537" hits="0"/>
                <line number="540" hits="0"/>
                <line number="541" hits="0"/>
                <line number="544" hits="0"/>
                <line number="545" hits="0"/>
                <line number="546" hits="0"/>
                <line number="547" hits="0"/>
                <line number="551" hits="0"/>
                <line number="552" hits="0"/>
                <line number="553" hits="0"/>
                <line number="556" hits="0"/>
                <line number="560" hits="0"/>
                <line number="563" hits="0"/>
              </lines>
            </method>
            <method name="getPostInstallCommands" signature="array $config" line-rate="0" branch-rate="0" complexity="10">
              <lines>
                <line number="612" hits="0"/>
                <line number="620" hits="0"/>
                <line number="624" hits="0"/>
                <line number="625" hits="0"/>
                <line number="632" hits="0"/>
                <line number="640" hits="0"/>
                <line number="643" hits="0"/>
                <line number="644" hits="0"/>
                <line number="645" hits="0"/>
                <line number="646" hits="0"/>
                <line number="653" hits="0"/>
                <line number="654" hits="0"/>
                <line number="655" hits="0"/>
                <line number="662" hits="0"/>
                <line number="663" hits="0"/>
                <line number="671" hits="0"/>
                <line number="672" hits="0"/>
                <line number="673" hits="0"/>
                <line number="674" hits="0"/>
                <line number="675" hits="0"/>
                <line number="678" hits="0"/>
                <line number="679" hits="0"/>
                <line number="680" hits="0"/>
                <line number="684" hits="0"/>
                <line number="685" hits="0"/>
                <line number="686" hits="0"/>
                <line number="687" hits="0"/>
                <line number="688" hits="0"/>
                <line number="691" hits="0"/>
                <line number="692" hits="0"/>
                <line number="693" hits="0"/>
                <line number="696" hits="0"/>
                <line number="699" hits="0"/>
                <line number="700" hits="0"/>
                <line number="701" hits="0"/>
                <line number="702" hits="0"/>
                <line number="706" hits="0"/>
                <line number="708" hits="0"/>
                <line number="715" hits="0"/>
                <line number="716" hits="0"/>
                <line number="717" hits="0"/>
                <line number="718" hits="0"/>
                <line number="721" hits="0"/>
                <line number="722" hits="0"/>
                <line number="723" hits="0"/>
                <line number="725" hits="0"/>
                <line number="728" hits="0"/>
                <line number="729" hits="0"/>
                <line number="730" hits="0"/>
                <line number="732" hits="0"/>
                <line number="735" hits="0"/>
                <line number="736" hits="0"/>
                <line number="737" hits="0"/>
                <line number="739" hits="0"/>
                <line number="747" hits="0"/>
                <line number="756" hits="0"/>
                <line number="764" hits="0"/>
                <line number="772" hits="0"/>
                <line number="780" hits="0"/>
                <line number="781" hits="0"/>
                <line number="784" hits="0"/>
                <line number="787" hits="0"/>
                <line number="790" hits="0"/>
                <line number="795" hits="0"/>
              </lines>
            </method>
            <method name="getStubPath" signature="" line-rate="0" branch-rate="0" complexity="1">
              <lines>
                <line number="817" hits="0"/>
              </lines>
            </method>
            <method name="getStubVariables" signature="array $config" line-rate="0" branch-rate="0" complexity="1">
              <lines>
                <line number="856" hits="0"/>
                <line number="859" hits="0"/>
                <line number="860" hits="0"/>
                <line number="862" hits="0"/>
                <line number="865" hits="0"/>
                <line number="868" hits="0"/>
                <line number="869" hits="0"/>
              </lines>
            </method>
            <method name="process" signature="" line-rate="0" branch-rate="0" complexity="1">
              <lines>
                <line number="882" hits="0"/>
              </lines>
            </method>
          </methods>
          <lines>
            <line number="121" hits="0"/>
            <line number="134" hits="0"/>
            <line number="186" hits="0"/>
            <line number="187" hits="0"/>
            <line number="190" hits="0"/>
            <line number="197" hits="0"/>
            <line number="200" hits="0"/>
            <line number="201" hits="0"/>
            <line number="202" hits="0"/>
            <line number="203" hits="0"/>
            <line number="204" hits="0"/>
            <line number="211" hits="0"/>
            <line number="212" hits="0"/>
            <line number="213" hits="0"/>
            <line number="220" hits="0"/>
            <line number="221" hits="0"/>
            <line number="222" hits="0"/>
            <line number="223" hits="0"/>
            <line number="224" hits="0"/>
            <line number="225" hits="0"/>
            <line number="226" hits="0"/>
            <line number="227" hits="0"/>
            <line number="230" hits="0"/>
            <line number="231" hits="0"/>
            <line number="232" hits="0"/>
            <line number="233" hits="0"/>
            <line number="234" hits="0"/>
            <line number="235" hits="0"/>
            <line number="236" hits="0"/>
            <line number="237" hits="0"/>
            <line number="238" hits="0"/>
            <line number="245" hits="0"/>
            <line number="246" hits="0"/>
            <line number="247" hits="0"/>
            <line number="248" hits="0"/>
            <line number="249" hits="0"/>
            <line number="252" hits="0"/>
            <line number="253" hits="0"/>
            <line number="254" hits="0"/>
            <line number="255" hits="0"/>
            <line number="256" hits="0"/>
            <line number="257" hits="0"/>
            <line number="260" hits="0"/>
            <line number="261" hits="0"/>
            <line number="264" hits="0"/>
            <line number="267" hits="0"/>
            <line number="268" hits="0"/>
            <line number="269" hits="0"/>
            <line number="271" hits="0"/>
            <line number="272" hits="0"/>
            <line number="274" hits="0"/>
            <line number="278" hits="0"/>
            <line number="282" hits="0"/>
            <line number="283" hits="0"/>
            <line number="284" hits="0"/>
            <line number="285" hits="0"/>
            <line number="286" hits="0"/>
            <line number="294" hits="0"/>
            <line number="295" hits="0"/>
            <line number="296" hits="0"/>
            <line number="297" hits="0"/>
            <line number="298" hits="0"/>
            <line number="299" hits="0"/>
            <line number="302" hits="0"/>
            <line number="303" hits="0"/>
            <line number="304" hits="0"/>
            <line number="305" hits="0"/>
            <line number="306" hits="0"/>
            <line number="307" hits="0"/>
            <line number="310" hits="0"/>
            <line number="311" hits="0"/>
            <line number="312" hits="0"/>
            <line number="313" hits="0"/>
            <line number="314" hits="0"/>
            <line number="315" hits="0"/>
            <line number="318" hits="0"/>
            <line number="319" hits="0"/>
            <line number="320" hits="0"/>
            <line number="321" hits="0"/>
            <line number="322" hits="0"/>
            <line number="323" hits="0"/>
            <line number="326" hits="0"/>
            <line number="327" hits="0"/>
            <line number="328" hits="0"/>
            <line number="329" hits="0"/>
            <line number="330" hits="0"/>
            <line number="331" hits="0"/>
            <line number="338" hits="0"/>
            <line number="339" hits="0"/>
            <line number="340" hits="0"/>
            <line number="341" hits="0"/>
            <line number="342" hits="0"/>
            <line number="343" hits="0"/>
            <line number="346" hits="0"/>
            <line number="347" hits="0"/>
            <line number="348" hits="0"/>
            <line number="349" hits="0"/>
            <line number="350" hits="0"/>
            <line number="351" hits="0"/>
            <line number="352" hits="0"/>
            <line number="353" hits="0"/>
            <line number="354" hits="0"/>
            <line number="355" hits="0"/>
            <line number="356" hits="0"/>
            <line number="359" hits="0"/>
            <line number="360" hits="0"/>
            <line number="361" hits="0"/>
            <line number="362" hits="0"/>
            <line number="363" hits="0"/>
            <line number="364" hits="0"/>
            <line number="365" hits="0"/>
            <line number="366" hits="0"/>
            <line number="367" hits="0"/>
            <line number="370" hits="0"/>
            <line number="371" hits="0"/>
            <line number="372" hits="0"/>
            <line number="373" hits="0"/>
            <line number="374" hits="0"/>
            <line number="375" hits="0"/>
            <line number="376" hits="0"/>
            <line number="377" hits="0"/>
            <line number="378" hits="0"/>
            <line number="379" hits="0"/>
            <line number="380" hits="0"/>
            <line number="387" hits="0"/>
            <line number="388" hits="0"/>
            <line number="389" hits="0"/>
            <line number="390" hits="0"/>
            <line number="391" hits="0"/>
            <line number="398" hits="0"/>
            <line number="399" hits="0"/>
            <line number="400" hits="0"/>
            <line number="401" hits="0"/>
            <line number="402" hits="0"/>
            <line number="405" hits="0"/>
            <line number="406" hits="0"/>
            <line number="409" hits="0"/>
            <line number="412" hits="0"/>
            <line number="413" hits="0"/>
            <line number="414" hits="0"/>
            <line number="415" hits="0"/>
            <line number="423" hits="0"/>
            <line number="424" hits="0"/>
            <line number="427" hits="0"/>
            <line number="428" hits="0"/>
            <line number="429" hits="0"/>
            <line number="430" hits="0"/>
            <line number="432" hits="0"/>
            <line number="433" hits="0"/>
            <line number="435" hits="0"/>
            <line number="436" hits="0"/>
            <line number="437" hits="0"/>
            <line number="438" hits="0"/>
            <line number="439" hits="0"/>
            <line number="440" hits="0"/>
            <line number="443" hits="0"/>
            <line number="444" hits="0"/>
            <line number="445" hits="0"/>
            <line number="446" hits="0"/>
            <line number="447" hits="0"/>
            <line number="448" hits="0"/>
            <line number="449" hits="0"/>
            <line number="450" hits="0"/>
            <line number="451" hits="0"/>
            <line number="453" hits="0"/>
            <line number="454" hits="0"/>
            <line number="458" hits="0"/>
            <line number="459" hits="0"/>
            <line number="462" hits="0"/>
            <line number="465" hits="0"/>
            <line number="466" hits="0"/>
            <line number="467" hits="0"/>
            <line number="468" hits="0"/>
            <line number="469" hits="0"/>
            <line number="473" hits="0"/>
            <line number="474" hits="0"/>
            <line number="477" hits="0"/>
            <line number="480" hits="0"/>
            <line number="481" hits="0"/>
            <line number="482" hits="0"/>
            <line number="483" hits="0"/>
            <line number="491" hits="0"/>
            <line number="492" hits="0"/>
            <line number="493" hits="0"/>
            <line number="494" hits="0"/>
            <line number="495" hits="0"/>
            <line number="498" hits="0"/>
            <line number="499" hits="0"/>
            <line number="502" hits="0"/>
            <line number="505" hits="0"/>
            <line number="506" hits="0"/>
            <line number="507" hits="0"/>
            <line number="508" hits="0"/>
            <line number="509" hits="0"/>
            <line number="510" hits="0"/>
            <line number="513" hits="0"/>
            <line number="534" hits="0"/>
            <line number="537" hits="0"/>
            <line number="540" hits="0"/>
            <line number="541" hits="0"/>
            <line number="544" hits="0"/>
            <line number="545" hits="0"/>
            <line number="546" hits="0"/>
            <line number="547" hits="0"/>
            <line number="551" hits="0"/>
            <line number="552" hits="0"/>
            <line number="553" hits="0"/>
            <line number="556" hits="0"/>
            <line number="560" hits="0"/>
            <line number="563" hits="0"/>
            <line number="612" hits="0"/>
            <line number="620" hits="0"/>
            <line number="624" hits="0"/>
            <line number="625" hits="0"/>
            <line number="632" hits="0"/>
            <line number="640" hits="0"/>
            <line number="643" hits="0"/>
            <line number="644" hits="0"/>
            <line number="645" hits="0"/>
            <line number="646" hits="0"/>
            <line number="653" hits="0"/>
            <line number="654" hits="0"/>
            <line number="655" hits="0"/>
            <line number="662" hits="0"/>
            <line number="663" hits="0"/>
            <line number="671" hits="0"/>
            <line number="672" hits="0"/>
            <line number="673" hits="0"/>
            <line number="674" hits="0"/>
            <line number="675" hits="0"/>
            <line number="678" hits="0"/>
            <line number="679" hits="0"/>
            <line number="680" hits="0"/>
            <line number="684" hits="0"/>
            <line number="685" hits="0"/>
            <line number="686" hits="0"/>
            <line number="687" hits="0"/>
            <line number="688" hits="0"/>
            <line number="691" hits="0"/>
            <line number="692" hits="0"/>
            <line number="693" hits="0"/>
            <line number="696" hits="0"/>
            <line number="699" hits="0"/>
            <line number="700" hits="0"/>
            <line number="701" hits="0"/>
            <line number="702" hits="0"/>
            <line number="706" hits="0"/>
            <line number="708" hits="0"/>
            <line number="715" hits="0"/>
            <line number="716" hits="0"/>
            <line number="717" hits="0"/>
            <line number="718" hits="0"/>
            <line number="721" hits="0"/>
            <line number="722" hits="0"/>
            <line number="723" hits="0"/>
            <line number="725" hits="0"/>
            <line number="728" hits="0"/>
            <line number="729" hits="0"/>
            <line number="730" hits="0"/>
            <line number="732" hits="0"/>
            <line number="735" hits="0"/>
            <line number="736" hits="0"/>
            <line number="737" hits="0"/>
            <line number="739" hits="0"/>
            <line number="747" hits="0"/>
            <line number="756" hits="0"/>
            <line number="764" hits="0"/>
            <line number="772" hits="0"/>
            <line number="780" hits="0"/>
            <line number="781" hits="0"/>
            <line number="784" hits="0"/>
            <line number="787" hits="0"/>
            <line number="790" hits="0"/>
            <line number="795" hits="0"/>
            <line number="817" hits="0"/>
            <line number="856" hits="0"/>
            <line number="859" hits="0"/>
            <line number="860" hits="0"/>
            <line number="862" hits="0"/>
            <line number="865" hits="0"/>
            <line number="868" hits="0"/>
            <line number="869" hits="0"/>
            <line number="882" hits="0"/>
          </lines>
        </class>
      </classes>
    </package>
    <package name="AppTypes/SkeletonAppType.php" line-rate="0" branch-rate="0" complexity="8">
      <classes>
        <class name="PhpHive\Cli\AppTypes\SkeletonAppType" filename="AppTypes/SkeletonAppType.php" line-rate="0" branch-rate="0" complexity="8">
          <methods>
            <method name="getName" signature="" line-rate="0" branch-rate="0" complexity="1">
              <lines>
                <line number="69" hits="0"/>
              </lines>
            </method>
            <method name="getDescription" signature="" line-rate="0" branch-rate="0" complexity="1">
              <lines>
                <line number="82" hits="0"/>
              </lines>
            </method>
            <method name="collectConfiguration" signature="Symfony\Component\Console\Input\InputInterface $input, Symfony\Component\Console\Output\OutputInterface $output" line-rate="0" branch-rate="0" complexity="1">
              <lines>
                <line number="109" hits="0"/>
                <line number="110" hits="0"/>
                <line number="113" hits="0"/>
                <line number="120" hits="0"/>
                <line number="121" hits="0"/>
                <line number="122" hits="0"/>
                <line number="123" hits="0"/>
                <line number="124" hits="0"/>
                <line number="125" hits="0"/>
                <line number="128" hits="0"/>
                <line number="129" hits="0"/>
                <line number="130" hits="0"/>
                <line number="131" hits="0"/>
                <line number="132" hits="0"/>
                <line number="133" hits="0"/>
                <line number="142" hits="0"/>
                <line number="143" hits="0"/>
                <line number="144" hits="0"/>
                <line number="145" hits="0"/>
                <line number="146" hits="0"/>
                <line number="147" hits="0"/>
                <line number="148" hits="0"/>
                <line number="149" hits="0"/>
                <line number="150" hits="0"/>
                <line number="151" hits="0"/>
                <line number="159" hits="0"/>
                <line number="160" hits="0"/>
                <line number="161" hits="0"/>
                <line number="162" hits="0"/>
                <line number="166" hits="0"/>
                <line number="167" hits="0"/>
                <line number="168" hits="0"/>
                <line number="169" hits="0"/>
                <line number="171" hits="0"/>
              </lines>
            </method>
            <method name="getInstallCommand" signature="array $config" line-rate="0" branch-rate="0" complexity="1">
              <lines>
                <line number="192" hits="0"/>
              </lines>
            </method>
            <method name="getPostInstallCommands" signature="array $config" line-rate="0" branch-rate="0" complexity="2">
              <lines>
                <line number="215" hits="0"/>
                <line number="217" hits="0"/>
                <line number="218" hits="0"/>
                <line number="227" hits="0"/>
                <line number="228" hits="0"/>
                <line number="231" hits="0"/>
              </lines>
            </method>
            <method name="getStubPath" signature="" line-rate="0" branch-rate="0" complexity="1">
              <lines>
                <line number="255" hits="0"/>
              </lines>
            </method>
            <method name="getStubVariables" signature="array $config" line-rate="0" branch-rate="0" complexity="1">
              <lines>
                <line number="297" hits="0"/>
                <line number="300" hits="0"/>
                <line number="301" hits="0"/>
                <line number="303" hits="0"/>
                <line number="304" hits="0"/>
              </lines>
            </method>
          </methods>
          <lines>
            <line number="69" hits="0"/>
            <line number="82" hits="0"/>
            <line number="109" hits="0"/>
            <line number="110" hits="0"/>
            <line number="113" hits="0"/>
            <line number="120" hits="0"/>
            <line number="121" hits="0"/>
            <line number="122" hits="0"/>
            <line number="123" hits="0"/>
            <line number="124" hits="0"/>
            <line number="125" hits="0"/>
            <line number="128" hits="0"/>
            <line number="129" hits="0"/>
            <line number="130" hits="0"/>
            <line number="131" hits="0"/>
            <line number="132" hits="0"/>
            <line number="133" hits="0"/>
            <line number="142" hits="0"/>
            <line number="143" hits="0"/>
            <line number="144" hits="0"/>
            <line number="145" hits="0"/>
            <line number="146" hits="0"/>
            <line number="147" hits="0"/>
            <line number="148" hits="0"/>
            <line number="149" hits="0"/>
            <line number="150" hits="0"/>
            <line number="151" hits="0"/>
            <line number="159" hits="0"/>
            <line number="160" hits="0"/>
            <line number="161" hits="0"/>
            <line number="162" hits="0"/>
            <line number="166" hits="0"/>
            <line number="167" hits="0"/>
            <line number="168" hits="0"/>
            <line number="169" hits="0"/>
            <line number="171" hits="0"/>
            <line number="192" hits="0"/>
            <line number="215" hits="0"/>
            <line number="217" hits="0"/>
            <line number="218" hits="0"/>
            <line number="227" hits="0"/>
            <line number="228" hits="0"/>
            <line number="231" hits="0"/>
            <line number="255" hits="0"/>
            <line number="297" hits="0"/>
            <line number="300" hits="0"/>
            <line number="301" hits="0"/>
            <line number="303" hits="0"/>
            <line number="304" hits="0"/>
          </lines>
        </class>
      </classes>
    </package>
    <package name="AppTypes/SymfonyAppType.php" line-rate="0" branch-rate="0" complexity="10">
      <classes>
        <class name="PhpHive\Cli\AppTypes\SymfonyAppType" filename="AppTypes/SymfonyAppType.php" line-rate="0" branch-rate="0" complexity="10">
          <methods>
            <method name="getName" signature="" line-rate="0" branch-rate="0" complexity="1">
              <lines>
                <line number="69" hits="0"/>
              </lines>
            </method>
            <method name="getDescription" signature="" line-rate="0" branch-rate="0" complexity="1">
              <lines>
                <line number="82" hits="0"/>
              </lines>
            </method>
            <method name="collectConfiguration" signature="Symfony\Component\Console\Input\InputInterface $input, Symfony\Component\Console\Output\OutputInterface $output" line-rate="0" branch-rate="0" complexity="1">
              <lines>
                <line number="110" hits="0"/>
                <line number="111" hits="0"/>
                <line number="114" hits="0"/>
                <line number="121" hits="0"/>
                <line number="122" hits="0"/>
                <line number="123" hits="0"/>
                <line number="124" hits="0"/>
                <line number="125" hits="0"/>
                <line number="128" hits="0"/>
                <line number="129" hits="0"/>
                <line number="130" hits="0"/>
                <line number="131" hits="0"/>
                <line number="132" hits="0"/>
                <line number="142" hits="0"/>
                <line number="143" hits="0"/>
                <line number="144" hits="0"/>
                <line number="145" hits="0"/>
                <line number="146" hits="0"/>
                <line number="147" hits="0"/>
                <line number="148" hits="0"/>
                <line number="149" hits="0"/>
                <line number="150" hits="0"/>
                <line number="159" hits="0"/>
                <line number="160" hits="0"/>
                <line number="161" hits="0"/>
                <line number="162" hits="0"/>
                <line number="163" hits="0"/>
                <line number="164" hits="0"/>
                <line number="165" hits="0"/>
                <line number="166" hits="0"/>
                <line number="174" hits="0"/>
                <line number="175" hits="0"/>
                <line number="176" hits="0"/>
                <line number="177" hits="0"/>
                <line number="178" hits="0"/>
                <line number="179" hits="0"/>
                <line number="180" hits="0"/>
                <line number="181" hits="0"/>
                <line number="182" hits="0"/>
                <line number="190" hits="0"/>
                <line number="191" hits="0"/>
                <line number="192" hits="0"/>
                <line number="193" hits="0"/>
                <line number="197" hits="0"/>
                <line number="198" hits="0"/>
                <line number="199" hits="0"/>
                <line number="200" hits="0"/>
                <line number="202" hits="0"/>
              </lines>
            </method>
            <method name="getInstallCommand" signature="array $config" line-rate="0" branch-rate="0" complexity="1">
              <lines>
                <line number="232" hits="0"/>
                <line number="235" hits="0"/>
              </lines>
            </method>
            <method name="getPostInstallCommands" signature="array $config" line-rate="0" branch-rate="0" complexity="4">
              <lines>
                <line number="261" hits="0"/>
                <line number="269" hits="0"/>
                <line number="270" hits="0"/>
                <line number="279" hits="0"/>
                <line number="280" hits="0"/>
                <line number="285" hits="0"/>
                <line number="286" hits="0"/>
                <line number="294" hits="0"/>
                <line number="298" hits="0"/>
                <line number="302" hits="0"/>
                <line number="304" hits="0"/>
              </lines>
            </method>
            <method name="getStubPath" signature="" line-rate="0" branch-rate="0" complexity="1">
              <lines>
                <line number="326" hits="0"/>
              </lines>
            </method>
            <method name="getStubVariables" signature="array $config" line-rate="0" branch-rate="0" complexity="1">
              <lines>
                <line number="364" hits="0"/>
                <line number="367" hits="0"/>
                <line number="368" hits="0"/>
                <line number="370" hits="0"/>
                <line number="373" hits="0"/>
                <line number="374" hits="0"/>
              </lines>
            </method>
          </methods>
          <lines>
            <line number="69" hits="0"/>
            <line number="82" hits="0"/>
            <line number="110" hits="0"/>
            <line number="111" hits="0"/>
            <line number="114" hits="0"/>
            <line number="121" hits="0"/>
            <line number="122" hits="0"/>
            <line number="123" hits="0"/>
            <line number="124" hits="0"/>
            <line number="125" hits="0"/>
            <line number="128" hits="0"/>
            <line number="129" hits="0"/>
            <line number="130" hits="0"/>
            <line number="131" hits="0"/>
            <line number="132" hits="0"/>
            <line number="142" hits="0"/>
            <line number="143" hits="0"/>
            <line number="144" hits="0"/>
            <line number="145" hits="0"/>
            <line number="146" hits="0"/>
            <line number="147" hits="0"/>
            <line number="148" hits="0"/>
            <line number="149" hits="0"/>
            <line number="150" hits="0"/>
            <line number="159" hits="0"/>
            <line number="160" hits="0"/>
            <line number="161" hits="0"/>
            <line number="162" hits="0"/>
            <line number="163" hits="0"/>
            <line number="164" hits="0"/>
            <line number="165" hits="0"/>
            <line number="166" hits="0"/>
            <line number="174" hits="0"/>
            <line number="175" hits="0"/>
            <line number="176" hits="0"/>
            <line number="177" hits="0"/>
            <line number="178" hits="0"/>
            <line number="179" hits="0"/>
            <line number="180" hits="0"/>
            <line number="181" hits="0"/>
            <line number="182" hits="0"/>
            <line number="190" hits="0"/>
            <line number="191" hits="0"/>
            <line number="192" hits="0"/>
            <line number="193" hits="0"/>
            <line number="197" hits="0"/>
            <line number="198" hits="0"/>
            <line number="199" hits="0"/>
            <line number="200" hits="0"/>
            <line number="202" hits="0"/>
            <line number="232" hits="0"/>
            <line number="235" hits="0"/>
            <line number="261" hits="0"/>
            <line number="269" hits="0"/>
            <line number="270" hits="0"/>
            <line number="279" hits="0"/>
            <line number="280" hits="0"/>
            <line number="285" hits="0"/>
            <line number="286" hits="0"/>
            <line number="294" hits="0"/>
            <line number="298" hits="0"/>
            <line number="302" hits="0"/>
            <line number="304" hits="0"/>
            <line number="326" hits="0"/>
            <line number="364" hits="0"/>
            <line number="367" hits="0"/>
            <line number="368" hits="0"/>
            <line number="370" hits="0"/>
            <line number="373" hits="0"/>
            <line number="374" hits="0"/>
          </lines>
        </class>
      </classes>
    </package>
    <package name="Application.php" line-rate="0.29473684210526" branch-rate="0" complexity="27">
      <classes>
        <class name="PhpHive\Cli\Application" filename="Application.php" line-rate="0.29473684210526" branch-rate="0" complexity="27">
          <methods>
            <method name="__construct" signature="" line-rate="1" branch-rate="0" complexity="1">
              <lines>
                <line number="104" hits="6"/>
                <line number="107" hits="6"/>
                <line number="110" hits="6"/>
                <line number="113" hits="6"/>
              </lines>
            </method>
            <method name="make" signature="" line-rate="1" branch-rate="0" complexity="1">
              <lines>
                <line number="132" hits="1"/>
                <line number="133" hits="1"/>
                <line number="135" hits="1"/>
              </lines>
            </method>
            <method name="boot" signature="" line-rate="0.85714285714286" branch-rate="0" complexity="2">
              <lines>
                <line number="152" hits="2"/>
                <line number="153" hits="0"/>
                <line number="157" hits="2"/>
                <line number="158" hits="2"/>
                <line number="159" hits="2"/>
                <line number="160" hits="2"/>
                <line number="163" hits="2"/>
              </lines>
            </method>
            <method name="run" signature="?Symfony\Component\Console\Input\InputInterface $input, ?Symfony\Component\Console\Output\OutputInterface $output" line-rate="0" branch-rate="0" complexity="2">
              <lines>
                <line number="182" hits="0"/>
                <line number="183" hits="0"/>
                <line number="187" hits="0"/>
                <line number="190" hits="0"/>
              </lines>
            </method>
            <method name="container" signature="" line-rate="1" branch-rate="0" complexity="1">
              <lines>
                <line number="203" hits="1"/>
              </lines>
            </method>
            <method name="getLongVersion" signature="" line-rate="1" branch-rate="0" complexity="1">
              <lines>
                <line number="217" hits="1"/>
                <line number="218" hits="1"/>
                <line number="219" hits="1"/>
                <line number="220" hits="1"/>
                <line number="221" hits="1"/>
              </lines>
            </method>
            <method name="find" signature="string $name" line-rate="0" branch-rate="0" complexity="3">
              <lines>
                <line number="242" hits="0"/>
                <line number="243" hits="0"/>
                <line number="245" hits="0"/>
                <line number="247" hits="0"/>
                <line number="249" hits="0"/>
                <line number="251" hits="0"/>
                <line number="252" hits="0"/>
                <line number="253" hits="0"/>
                <line number="254" hits="0"/>
                <line number="255" hits="0"/>
                <line number="258" hits="0"/>
                <line number="262" hits="0"/>
              </lines>
            </method>
            <method name="filesystem" signature="" line-rate="1" branch-rate="0" complexity="1">
              <lines>
                <line number="280" hits="2"/>
              </lines>
            </method>
            <method name="registerCommand" signature="string $commandClass" line-rate="1" branch-rate="0" complexity="2">
              <lines>
                <line number="298" hits="2"/>
                <line number="301" hits="2"/>
                <line number="303" hits="2"/>
                <line number="307" hits="2"/>
              </lines>
            </method>
            <method name="findAlternatives" signature="string $name" line-rate="0" branch-rate="0" complexity="6">
              <lines>
                <line number="328" hits="0"/>
                <line number="331" hits="0"/>
                <line number="332" hits="0"/>
                <line number="334" hits="0"/>
                <line number="335" hits="0"/>
                <line number="339" hits="0"/>
                <line number="340" hits="0"/>
                <line number="345" hits="0"/>
                <line number="348" hits="0"/>
                <line number="349" hits="0"/>
                <line number="350" hits="0"/>
                <line number="351" hits="0"/>
                <line number="355" hits="0"/>
                <line number="356" hits="0"/>
                <line number="361" hits="0"/>
                <line number="364" hits="0"/>
              </lines>
            </method>
            <method name="registerServices" signature="" line-rate="1" branch-rate="0" complexity="1">
              <lines>
                <line number="386" hits="6"/>
                <line number="389" hits="6"/>
                <line number="392" hits="6"/>
                <line number="395" hits="6"/>
              </lines>
            </method>
            <method name="displayBanner" signature="" line-rate="0" branch-rate="0" complexity="6">
              <lines>
                <line number="415" hits="0"/>
                <line number="418" hits="0"/>
                <line number="419" hits="0"/>
                <line number="423" hits="0"/>
                <line number="424" hits="0"/>
                <line number="428" hits="0"/>
                <line number="429" hits="0"/>
                <line number="433" hits="0"/>
                <line number="436" hits="0"/>
                <line number="437" hits="0"/>
                <line number="438" hits="0"/>
                <line number="439" hits="0"/>
                <line number="440" hits="0"/>
                <line number="441" hits="0"/>
                <line number="442" hits="0"/>
                <line number="443" hits="0"/>
                <line number="446" hits="0"/>
                <line number="447" hits="0"/>
                <line number="448" hits="0"/>
                <line number="449" hits="0"/>
                <line number="450" hits="0"/>
                <line number="451" hits="0"/>
                <line number="452" hits="0"/>
                <line number="453" hits="0"/>
                <line number="456" hits="0"/>
                <line number="457" hits="0"/>
                <line number="460" hits="0"/>
                <line number="461" hits="0"/>
                <line number="462" hits="0"/>
                <line number="463" hits="0"/>
                <line number="467" hits="0"/>
                <line number="468" hits="0"/>
                <line number="469" hits="0"/>
                <line number="472" hits="0"/>
              </lines>
            </method>
          </methods>
          <lines>
            <line number="104" hits="6"/>
            <line number="107" hits="6"/>
            <line number="110" hits="6"/>
            <line number="113" hits="6"/>
            <line number="132" hits="1"/>
            <line number="133" hits="1"/>
            <line number="135" hits="1"/>
            <line number="152" hits="2"/>
            <line number="153" hits="0"/>
            <line number="157" hits="2"/>
            <line number="158" hits="2"/>
            <line number="159" hits="2"/>
            <line number="160" hits="2"/>
            <line number="163" hits="2"/>
            <line number="182" hits="0"/>
            <line number="183" hits="0"/>
            <line number="187" hits="0"/>
            <line number="190" hits="0"/>
            <line number="203" hits="1"/>
            <line number="217" hits="1"/>
            <line number="218" hits="1"/>
            <line number="219" hits="1"/>
            <line number="220" hits="1"/>
            <line number="221" hits="1"/>
            <line number="242" hits="0"/>
            <line number="243" hits="0"/>
            <line number="245" hits="0"/>
            <line number="247" hits="0"/>
            <line number="249" hits="0"/>
            <line number="251" hits="0"/>
            <line number="252" hits="0"/>
            <line number="253" hits="0"/>
            <line number="254" hits="0"/>
            <line number="255" hits="0"/>
            <line number="258" hits="0"/>
            <line number="262" hits="0"/>
            <line number="280" hits="2"/>
            <line number="298" hits="2"/>
            <line number="301" hits="2"/>
            <line number="303" hits="2"/>
            <line number="307" hits="2"/>
            <line number="328" hits="0"/>
            <line number="331" hits="0"/>
            <line number="332" hits="0"/>
            <line number="334" hits="0"/>
            <line number="335" hits="0"/>
            <line number="339" hits="0"/>
            <line number="340" hits="0"/>
            <line number="345" hits="0"/>
            <line number="348" hits="0"/>
            <line number="349" hits="0"/>
            <line number="350" hits="0"/>
            <line number="351" hits="0"/>
            <line number="355" hits="0"/>
            <line number="356" hits="0"/>
            <line number="361" hits="0"/>
            <line number="364" hits="0"/>
            <line number="386" hits="6"/>
            <line number="389" hits="6"/>
            <line number="392" hits="6"/>
            <line number="395" hits="6"/>
            <line number="415" hits="0"/>
            <line number="418" hits="0"/>
            <line number="419" hits="0"/>
            <line number="423" hits="0"/>
            <line number="424" hits="0"/>
            <line number="428" hits="0"/>
            <line number="429" hits="0"/>
            <line number="433" hits="0"/>
            <line number="436" hits="0"/>
            <line number="437" hits="0"/>
            <line number="438" hits="0"/>
            <line number="439" hits="0"/>
            <line number="440" hits="0"/>
            <line number="441" hits="0"/>
            <line number="442" hits="0"/>
            <line number="443" hits="0"/>
            <line number="446" hits="0"/>
            <line number="447" hits="0"/>
            <line number="448" hits="0"/>
            <line number="449" hits="0"/>
            <line number="450" hits="0"/>
            <line number="451" hits="0"/>
            <line number="452" hits="0"/>
            <line number="453" hits="0"/>
            <line number="456" hits="0"/>
            <line number="457" hits="0"/>
            <line number="460" hits="0"/>
            <line number="461" hits="0"/>
            <line number="462" hits="0"/>
            <line number="463" hits="0"/>
            <line number="467" hits="0"/>
            <line number="468" hits="0"/>
            <line number="469" hits="0"/>
            <line number="472" hits="0"/>
          </lines>
        </class>
      </classes>
    </package>
    <package name="Concerns/ChecksForUpdates.php" line-rate="0" branch-rate="0" complexity="31">
      <classes>
        <class name="PhpHive\Cli\Concerns\ChecksForUpdates" filename="Concerns/ChecksForUpdates.php" line-rate="0" branch-rate="0" complexity="31">
          <methods>
            <method name="checkForUpdates" signature="string $currentVersion" line-rate="0" branch-rate="0" complexity="4">
              <lines>
                <line number="63" hits="0"/>
                <line number="64" hits="0"/>
                <line number="67" hits="0"/>
                <line number="69" hits="0"/>
                <line number="71" hits="0"/>
                <line number="75" hits="0"/>
                <line number="77" hits="0"/>
                <line number="79" hits="0"/>
                <line number="81" hits="0"/>
                <line number="85" hits="0"/>
                <line number="88" hits="0"/>
                <line number="89" hits="0"/>
              </lines>
            </method>
            <method name="getUpdateCacheDir" signature="" line-rate="0" branch-rate="0" complexity="4">
              <lines>
                <line number="104" hits="0"/>
                <line number="105" hits="0"/>
                <line number="106" hits="0"/>
                <line number="109" hits="0"/>
                <line number="110" hits="0"/>
                <line number="113" hits="0"/>
              </lines>
            </method>
            <method name="shouldCheckForUpdates" signature="string $cacheFile" line-rate="0" branch-rate="0" complexity="5">
              <lines>
                <line number="129" hits="0"/>
                <line number="130" hits="0"/>
                <line number="134" hits="0"/>
                <line number="135" hits="0"/>
                <line number="136" hits="0"/>
                <line number="139" hits="0"/>
                <line number="140" hits="0"/>
                <line number="141" hits="0"/>
                <line number="145" hits="0"/>
                <line number="147" hits="0"/>
              </lines>
            </method>
            <method name="displayCachedUpdateNotification" signature="string $cacheFile, string $currentVersion" line-rate="0" branch-rate="0" complexity="6">
              <lines>
                <line number="161" hits="0"/>
                <line number="162" hits="0"/>
                <line number="165" hits="0"/>
                <line number="166" hits="0"/>
                <line number="167" hits="0"/>
                <line number="170" hits="0"/>
                <line number="171" hits="0"/>
                <line number="172" hits="0"/>
                <line number="175" hits="0"/>
                <line number="178" hits="0"/>
                <line number="179" hits="0"/>
              </lines>
            </method>
            <method name="fetchLatestVersion" signature="" line-rate="0" branch-rate="0" complexity="9">
              <lines>
                <line number="194" hits="0"/>
                <line number="197" hits="0"/>
                <line number="198" hits="0"/>
                <line number="199" hits="0"/>
                <line number="200" hits="0"/>
                <line number="201" hits="0"/>
                <line number="202" hits="0"/>
                <line number="204" hits="0"/>
                <line number="206" hits="0"/>
                <line number="207" hits="0"/>
                <line number="210" hits="0"/>
                <line number="212" hits="0"/>
                <line number="213" hits="0"/>
                <line number="216" hits="0"/>
                <line number="219" hits="0"/>
                <line number="220" hits="0"/>
                <line number="222" hits="0"/>
                <line number="223" hits="0"/>
                <line number="227" hits="0"/>
                <line number="228" hits="0"/>
                <line number="232" hits="0"/>
                <line number="235" hits="0"/>
                <line number="236" hits="0"/>
                <line number="240" hits="0"/>
              </lines>
            </method>
            <method name="updateCache" signature="string $cacheFile, ?string $latestVersion" line-rate="0" branch-rate="0" complexity="1">
              <lines>
                <line number="251" hits="0"/>
                <line number="252" hits="0"/>
                <line number="253" hits="0"/>
                <line number="254" hits="0"/>
                <line number="256" hits="0"/>
              </lines>
            </method>
            <method name="displayUpdateNotification" signature="string $currentVersion, string $latestVersion" line-rate="0" branch-rate="0" complexity="2">
              <lines>
                <line number="270" hits="0"/>
                <line number="271" hits="0"/>
                <line number="272" hits="0"/>
                <line number="273" hits="0"/>
                <line number="274" hits="0"/>
                <line number="277" hits="0"/>
                <line number="278" hits="0"/>
                <line number="279" hits="0"/>
                <line number="280" hits="0"/>
                <line number="281" hits="0"/>
                <line number="282" hits="0"/>
                <line number="285" hits="0"/>
                <line number="287" hits="0"/>
                <line number="288" hits="0"/>
                <line number="289" hits="0"/>
                <line number="290" hits="0"/>
                <line number="291" hits="0"/>
                <line number="292" hits="0"/>
                <line number="293" hits="0"/>
                <line number="296" hits="0"/>
                <line number="297" hits="0"/>
                <line number="299" hits="0"/>
                <line number="300" hits="0"/>
                <line number="301" hits="0"/>
                <line number="302" hits="0"/>
                <line number="305" hits="0"/>
                <line number="306" hits="0"/>
              </lines>
            </method>
          </methods>
          <lines>
            <line number="63" hits="0"/>
            <line number="64" hits="0"/>
            <line number="67" hits="0"/>
            <line number="69" hits="0"/>
            <line number="71" hits="0"/>
            <line number="75" hits="0"/>
            <line number="77" hits="0"/>
            <line number="79" hits="0"/>
            <line number="81" hits="0"/>
            <line number="85" hits="0"/>
            <line number="88" hits="0"/>
            <line number="89" hits="0"/>
            <line number="104" hits="0"/>
            <line number="105" hits="0"/>
            <line number="106" hits="0"/>
            <line number="109" hits="0"/>
            <line number="110" hits="0"/>
            <line number="113" hits="0"/>
            <line number="129" hits="0"/>
            <line number="130" hits="0"/>
            <line number="134" hits="0"/>
            <line number="135" hits="0"/>
            <line number="136" hits="0"/>
            <line number="139" hits="0"/>
            <line number="140" hits="0"/>
            <line number="141" hits="0"/>
            <line number="145" hits="0"/>
            <line number="147" hits="0"/>
            <line number="161" hits="0"/>
            <line number="162" hits="0"/>
            <line number="165" hits="0"/>
            <line number="166" hits="0"/>
            <line number="167" hits="0"/>
            <line number="170" hits="0"/>
            <line number="171" hits="0"/>
            <line number="172" hits="0"/>
            <line number="175" hits="0"/>
            <line number="178" hits="0"/>
            <line number="179" hits="0"/>
            <line number="194" hits="0"/>
            <line number="197" hits="0"/>
            <line number="198" hits="0"/>
            <line number="199" hits="0"/>
            <line number="200" hits="0"/>
            <line number="201" hits="0"/>
            <line number="202" hits="0"/>
            <line number="204" hits="0"/>
            <line number="206" hits="0"/>
            <line number="207" hits="0"/>
            <line number="210" hits="0"/>
            <line number="212" hits="0"/>
            <line number="213" hits="0"/>
            <line number="216" hits="0"/>
            <line number="219" hits="0"/>
            <line number="220" hits="0"/>
            <line number="222" hits="0"/>
            <line number="223" hits="0"/>
            <line number="227" hits="0"/>
            <line number="228" hits="0"/>
            <line number="232" hits="0"/>
            <line number="235" hits="0"/>
            <line number="236" hits="0"/>
            <line number="240" hits="0"/>
            <line number="251" hits="0"/>
            <line number="252" hits="0"/>
            <line number="253" hits="0"/>
            <line number="254" hits="0"/>
            <line number="256" hits="0"/>
            <line number="270" hits="0"/>
            <line number="271" hits="0"/>
            <line number="272" hits="0"/>
            <line number="273" hits="0"/>
            <line number="274" hits="0"/>
            <line number="277" hits="0"/>
            <line number="278" hits="0"/>
            <line number="279" hits="0"/>
            <line number="280" hits="0"/>
            <line number="281" hits="0"/>
            <line number="282" hits="0"/>
            <line number="285" hits="0"/>
            <line number="287" hits="0"/>
            <line number="288" hits="0"/>
            <line number="289" hits="0"/>
            <line number="290" hits="0"/>
            <line number="291" hits="0"/>
            <line number="292" hits="0"/>
            <line number="293" hits="0"/>
            <line number="296" hits="0"/>
            <line number="297" hits="0"/>
            <line number="299" hits="0"/>
            <line number="300" hits="0"/>
            <line number="301" hits="0"/>
            <line number="302" hits="0"/>
            <line number="305" hits="0"/>
            <line number="306" hits="0"/>
          </lines>
        </class>
      </classes>
    </package>
    <package name="Concerns/HasDiscovery.php" line-rate="0.60606060606061" branch-rate="0" complexity="15">
      <classes>
        <class name="PhpHive\Cli\Concerns\HasDiscovery" filename="Concerns/HasDiscovery.php" line-rate="0.60606060606061" branch-rate="0" complexity="15">
          <methods>
            <method name="discoverCommands" signature="string $path, string $namespace" line-rate="0.84615384615385" branch-rate="0" complexity="6">
              <lines>
                <line number="84" hits="2"/>
                <line number="85" hits="0"/>
                <line number="89" hits="2"/>
                <line number="92" hits="2"/>
                <line number="94" hits="2"/>
                <line number="95" hits="0"/>
                <line number="99" hits="2"/>
                <line number="100" hits="2"/>
                <line number="106" hits="2"/>
                <line number="107" hits="2"/>
                <line number="108" hits="2"/>
                <line number="111" hits="2"/>
                <line number="112" hits="2"/>
              </lines>
            </method>
            <method name="isValidCommand" signature="string $className" line-rate="0.55555555555556" branch-rate="0" complexity="5">
              <lines>
                <line number="133" hits="2"/>
                <line number="134" hits="0"/>
                <line number="138" hits="2"/>
                <line number="139" hits="0"/>
                <line number="143" hits="2"/>
                <line number="144" hits="0"/>
                <line number="148" hits="2"/>
                <line number="149" hits="0"/>
                <line number="154" hits="2"/>
              </lines>
            </method>
            <method name="hasAsCommandAttribute" signature="string $className" line-rate="0.75" branch-rate="0" complexity="2">
              <lines>
                <line number="180" hits="2"/>
                <line number="181" hits="0"/>
                <line number="185" hits="2"/>
                <line number="188" hits="2"/>
              </lines>
            </method>
            <method name="registerDiscoveredCommand" signature="string $className" line-rate="0.14285714285714" branch-rate="0" complexity="2">
              <lines>
                <line number="208" hits="2"/>
                <line number="209" hits="0"/>
                <line number="212" hits="0"/>
                <line number="213" hits="0"/>
                <line number="214" hits="0"/>
                <line number="215" hits="0"/>
                <line number="216" hits="0"/>
              </lines>
            </method>
          </methods>
          <lines>
            <line number="84" hits="2"/>
            <line number="85" hits="0"/>
            <line number="89" hits="2"/>
            <line number="92" hits="2"/>
            <line number="94" hits="2"/>
            <line number="95" hits="0"/>
            <line number="99" hits="2"/>
            <line number="100" hits="2"/>
            <line number="106" hits="2"/>
            <line number="107" hits="2"/>
            <line number="108" hits="2"/>
            <line number="111" hits="2"/>
            <line number="112" hits="2"/>
            <line number="133" hits="2"/>
            <line number="134" hits="0"/>
            <line number="138" hits="2"/>
            <line number="139" hits="0"/>
            <line number="143" hits="2"/>
            <line number="144" hits="0"/>
            <line number="148" hits="2"/>
            <line number="149" hits="0"/>
            <line number="154" hits="2"/>
            <line number="180" hits="2"/>
            <line number="181" hits="0"/>
            <line number="185" hits="2"/>
            <line number="188" hits="2"/>
            <line number="208" hits="2"/>
            <line number="209" hits="0"/>
            <line number="212" hits="0"/>
            <line number="213" hits="0"/>
            <line number="214" hits="0"/>
            <line number="215" hits="0"/>
            <line number="216" hits="0"/>
          </lines>
        </class>
      </classes>
    </package>
    <package name="Concerns/InteractsWithComposer.php" line-rate="0" branch-rate="0" complexity="20">
      <classes>
[...]
              <lines>
                <line number="563" hits="0"/>
                <line number="566" hits="0"/>
              </lines>
            </method>
            <method name="getConstants" signature="string|object $classOrObject, ?int $filter" line-rate="0" branch-rate="0" complexity="1">
              <lines>
                <line number="578" hits="0"/>
              </lines>
            </method>
            <method name="getConstructor" signature="string|object $classOrObject" line-rate="0" branch-rate="0" complexity="1">
              <lines>
                <line number="589" hits="0"/>
              </lines>
            </method>
            <method name="getInterfaceNames" signature="string|object $classOrObject" line-rate="0" branch-rate="0" complexity="1">
              <lines>
                <line number="600" hits="0"/>
              </lines>
            </method>
            <method name="getInterfaces" signature="string|object $classOrObject" line-rate="0" branch-rate="0" complexity="1">
              <lines>
                <line number="611" hits="0"/>
              </lines>
            </method>
            <method name="getMethod" signature="string|object $classOrObject, string $name" line-rate="0" branch-rate="0" complexity="1">
              <lines>
                <line number="623" hits="0"/>
              </lines>
            </method>
            <method name="getMethods" signature="string|object $classOrObject, ?int $filter" line-rate="1" branch-rate="0" complexity="1">
              <lines>
                <line number="635" hits="1"/>
              </lines>
            </method>
            <method name="getNamespaceName" signature="string|object $classOrObject, int $levels" line-rate="0" branch-rate="0" complexity="2">
              <lines>
                <line number="649" hits="0"/>
                <line number="652" hits="0"/>
                <line number="655" hits="0"/>
                <line number="658" hits="0"/>
                <line number="659" hits="0"/>
                <line number="662" hits="0"/>
              </lines>
            </method>
            <method name="getParentClass" signature="string|object $classOrObject" line-rate="0" branch-rate="0" complexity="1">
              <lines>
                <line number="673" hits="0"/>
              </lines>
            </method>
            <method name="getProperties" signature="string|object $classOrObject, ?int $filter" line-rate="1" branch-rate="0" complexity="1">
              <lines>
                <line number="685" hits="1"/>
              </lines>
            </method>
            <method name="getProperty" signature="string|object $classOrObject, string $name" line-rate="0" branch-rate="0" complexity="2">
              <lines>
                <line number="698" hits="0"/>
                <line number="699" hits="0"/>
                <line number="700" hits="0"/>
              </lines>
            </method>
            <method name="getReflectionConstant" signature="string|object $classOrObject, string $name" line-rate="0" branch-rate="0" complexity="1">
              <lines>
                <line number="713" hits="0"/>
              </lines>
            </method>
            <method name="getReflectionConstants" signature="string|object $classOrObject, ?int $filter" line-rate="0" branch-rate="0" complexity="1">
              <lines>
                <line number="725" hits="0"/>
              </lines>
            </method>
            <method name="getName" signature="string|object $classOrObject" line-rate="0" branch-rate="0" complexity="1">
              <lines>
                <line number="736" hits="0"/>
              </lines>
            </method>
            <method name="getShortName" signature="string|object $classOrObject" line-rate="0" branch-rate="0" complexity="1">
              <lines>
                <line number="747" hits="0"/>
              </lines>
            </method>
            <method name="getStaticProperties" signature="string|object $classOrObject" line-rate="0" branch-rate="0" complexity="1">
              <lines>
                <line number="758" hits="0"/>
              </lines>
            </method>
            <method name="getStaticProperty" signature="string|object $classOrObject, string $name, mixed $def_value" line-rate="0" branch-rate="0" complexity="1">
              <lines>
                <line number="771" hits="0"/>
              </lines>
            </method>
            <method name="getTraitNames" signature="string|object $classOrObject" line-rate="0" branch-rate="0" complexity="1">
              <lines>
                <line number="784" hits="0"/>
                <line number="786" hits="0"/>
                <line number="787" hits="0"/>
                <line number="788" hits="0"/>
                <line number="790" hits="0"/>
                <line number="792" hits="0"/>
                <line number="793" hits="0"/>
                <line number="794" hits="0"/>
                <line number="795" hits="0"/>
                <line number="796" hits="0"/>
                <line number="797" hits="0"/>
              </lines>
            </method>
            <method name="getTraits" signature="string|object $classOrObject" line-rate="0" branch-rate="0" complexity="1">
              <lines>
                <line number="808" hits="0"/>
              </lines>
            </method>
            <method name="hasTrait" signature="string|object $classOrObject, string $trait" line-rate="0" branch-rate="0" complexity="4">
              <lines>
                <line number="825" hits="0"/>
                <line number="828" hits="0"/>
                <line number="831" hits="0"/>
                <line number="832" hits="0"/>
                <line number="836" hits="0"/>
                <line number="838" hits="0"/>
                <line number="840" hits="0"/>
                <line number="843" hits="0"/>
                <line number="847" hits="0"/>
              </lines>
            </method>
            <method name="hasConstant" signature="string|object $classOrObject, string $name" line-rate="0" branch-rate="0" complexity="1">
              <lines>
                <line number="859" hits="0"/>
              </lines>
            </method>
            <method name="implements" signature="string|object $classOrObject, string $interface" line-rate="0" branch-rate="0" complexity="2">
              <lines>
                <line number="888" hits="0"/>
                <line number="889" hits="0"/>
                <line number="893" hits="0"/>
              </lines>
            </method>
            <method name="isSubclassOf" signature="string|object $classOrObject, string $className" line-rate="0" branch-rate="0" complexity="1">
              <lines>
                <line number="905" hits="0"/>
              </lines>
            </method>
            <method name="getDeclaredProperties" signature="string|object $classOrObject" line-rate="0" branch-rate="0" complexity="1">
              <lines>
                <line number="920" hits="0"/>
                <line number="923" hits="0"/>
                <line number="926" hits="0"/>
              </lines>
            </method>
            <method name="getDeclaredMethods" signature="string|object $classOrObject" line-rate="0" branch-rate="0" complexity="1">
              <lines>
                <line number="941" hits="0"/>
                <line number="944" hits="0"/>
                <line number="947" hits="0"/>
              </lines>
            </method>
            <method name="getDeclaredConstants" signature="string|object $classOrObject" line-rate="0" branch-rate="0" complexity="1">
              <lines>
                <line number="962" hits="0"/>
                <line number="965" hits="0"/>
                <line number="969" hits="0"/>
                <line number="970" hits="0"/>
                <line number="971" hits="0"/>
                <line number="972" hits="0"/>
              </lines>
            </method>
            <method name="getDeclaredClassConstants" signature="string|object $classOrObject" line-rate="0" branch-rate="0" complexity="1">
              <lines>
                <line number="987" hits="0"/>
                <line number="990" hits="0"/>
                <line number="993" hits="0"/>
              </lines>
            </method>
            <method name="isFacade" signature="string|object $classOrObject" line-rate="0" branch-rate="0" complexity="1">
              <lines>
                <line number="1006" hits="0"/>
                <line number="1009" hits="0"/>
              </lines>
            </method>
            <method name="isInterceptor" signature="string|object $classOrObject" line-rate="0" branch-rate="0" complexity="1">
              <lines>
                <line number="1023" hits="0"/>
                <line number="1026" hits="0"/>
              </lines>
            </method>
            <method name="getParameter" signature="string|object $classOrObject, string $methodName, string $parameterName" line-rate="0" branch-rate="0" complexity="4">
              <lines>
                <line number="1046" hits="0"/>
                <line number="1049" hits="0"/>
                <line number="1052" hits="0"/>
                <line number="1053" hits="0"/>
                <line number="1054" hits="0"/>
                <line number="1058" hits="0"/>
                <line number="1059" hits="0"/>
                <line number="1060" hits="0"/>
                <line number="1061" hits="0"/>
                <line number="1062" hits="0"/>
              </lines>
            </method>
            <method name="getParameters" signature="string|object $classOrObject, string $methodName" line-rate="0" branch-rate="0" complexity="3">
              <lines>
                <line number="1082" hits="0"/>
                <line number="1085" hits="0"/>
                <line number="1088" hits="0"/>
                <line number="1089" hits="0"/>
                <line number="1090" hits="0"/>
                <line number="1093" hits="0"/>
                <line number="1094" hits="0"/>
                <line number="1095" hits="0"/>
                <line number="1096" hits="0"/>
                <line number="1097" hits="0"/>
              </lines>
            </method>
            <method name="getAttributes" signature="string|object $classOrObject, ?string $attributeName" line-rate="0" branch-rate="0" complexity="2">
              <lines>
                <line number="1113" hits="0"/>
                <line number="1116" hits="0"/>
              </lines>
            </method>
            <method name="getAttribute" signature="string|object $classOrObject, string $attributeName" line-rate="0" branch-rate="0" complexity="2">
              <lines>
                <line number="1131" hits="0"/>
                <line number="1134" hits="0"/>
              </lines>
            </method>
            <method name="normalizeClassName" signature="string $className" line-rate="1" branch-rate="0" complexity="3">
              <lines>
                <line number="1146" hits="2"/>
                <line number="1147" hits="2"/>
                <line number="1150" hits="2"/>
                <line number="1153" hits="2"/>
                <line number="1155" hits="2"/>
              </lines>
            </method>
            <method name="getReflectionClass" signature="string|object $classOrObject" line-rate="0.72727272727273" branch-rate="0" complexity="8">
              <lines>
                <line number="1172" hits="11"/>
                <line number="1175" hits="11"/>
                <line number="1176" hits="9"/>
                <line number="1180" hits="5"/>
                <line number="1181" hits="0"/>
                <line number="1182" hits="0"/>
                <line number="1186" hits="5"/>
                <line number="1187" hits="0"/>
                <line number="1191" hits="5"/>
                <line number="1194" hits="5"/>
                <line number="1196" hits="5"/>
              </lines>
            </method>
          </methods>
          <lines>
            <line number="74" hits="11"/>
            <line number="91" hits="0"/>
            <line number="92" hits="0"/>
            <line number="95" hits="0"/>
            <line number="109" hits="3"/>
            <line number="120" hits="0"/>
            <line number="131" hits="0"/>
            <line number="142" hits="0"/>
            <line number="158" hits="3"/>
            <line number="161" hits="3"/>
            <line number="177" hits="1"/>
            <line number="180" hits="1"/>
            <line number="196" hits="0"/>
            <line number="199" hits="0"/>
            <line number="215" hits="2"/>
            <line number="218" hits="2"/>
            <line number="234" hits="0"/>
            <line number="237" hits="0"/>
            <line number="252" hits="1"/>
            <line number="256" hits="1"/>
            <line number="274" hits="0"/>
            <line number="277" hits="0"/>
            <line number="280" hits="0"/>
            <line number="283" hits="0"/>
            <line number="285" hits="0"/>
            <line number="286" hits="0"/>
            <line number="290" hits="0"/>
            <line number="291" hits="0"/>
            <line number="292" hits="0"/>
            <line number="297" hits="0"/>
            <line number="299" hits="0"/>
            <line number="317" hits="0"/>
            <line number="320" hits="0"/>
            <line number="321" hits="0"/>
            <line number="326" hits="0"/>
            <line number="327" hits="0"/>
            <line number="328" hits="0"/>
            <line number="332" hits="0"/>
            <line number="335" hits="0"/>
            <line number="338" hits="0"/>
            <line number="339" hits="0"/>
            <line number="342" hits="0"/>
            <line number="343" hits="0"/>
            <line number="344" hits="0"/>
            <line number="345" hits="0"/>
            <line number="348" hits="0"/>
            <line number="349" hits="0"/>
            <line number="353" hits="0"/>
            <line number="354" hits="0"/>
            <line number="355" hits="0"/>
            <line number="356" hits="0"/>
            <line number="360" hits="0"/>
            <line number="363" hits="0"/>
            <line number="377" hits="1"/>
            <line number="380" hits="1"/>
            <line number="391" hits="0"/>
            <line number="402" hits="0"/>
            <line number="413" hits="0"/>
            <line number="424" hits="0"/>
            <line number="436" hits="0"/>
            <line number="447" hits="3"/>
            <line number="458" hits="1"/>
            <line number="469" hits="0"/>
            <line number="480" hits="0"/>
            <line number="492" hits="1"/>
            <line number="504" hits="0"/>
            <line number="516" hits="0"/>
            <line number="528" hits="0"/>
            <line number="539" hits="2"/>
            <line number="550" hits="0"/>
            <line number="563" hits="0"/>
            <line number="566" hits="0"/>
            <line number="578" hits="0"/>
            <line number="589" hits="0"/>
            <line number="600" hits="0"/>
            <line number="611" hits="0"/>
            <line number="623" hits="0"/>
            <line number="635" hits="1"/>
            <line number="649" hits="0"/>
            <line number="652" hits="0"/>
            <line number="655" hits="0"/>
            <line number="658" hits="0"/>
            <line number="659" hits="0"/>
            <line number="662" hits="0"/>
            <line number="673" hits="0"/>
            <line number="685" hits="1"/>
            <line number="698" hits="0"/>
            <line number="699" hits="0"/>
            <line number="700" hits="0"/>
            <line number="713" hits="0"/>
            <line number="725" hits="0"/>
            <line number="736" hits="0"/>
            <line number="747" hits="0"/>
            <line number="758" hits="0"/>
            <line number="771" hits="0"/>
            <line number="784" hits="0"/>
            <line number="786" hits="0"/>
            <line number="787" hits="0"/>
            <line number="788" hits="0"/>
            <line number="790" hits="0"/>
            <line number="792" hits="0"/>
            <line number="793" hits="0"/>
            <line number="794" hits="0"/>
            <line number="795" hits="0"/>
            <line number="796" hits="0"/>
            <line number="797" hits="0"/>
            <line number="808" hits="0"/>
            <line number="825" hits="0"/>
            <line number="828" hits="0"/>
            <line number="831" hits="0"/>
            <line number="832" hits="0"/>
            <line number="836" hits="0"/>
            <line number="838" hits="0"/>
            <line number="840" hits="0"/>
            <line number="843" hits="0"/>
            <line number="847" hits="0"/>
            <line number="859" hits="0"/>
            <line number="888" hits="0"/>
            <line number="889" hits="0"/>
            <line number="893" hits="0"/>
            <line number="905" hits="0"/>
            <line number="920" hits="0"/>
            <line number="923" hits="0"/>
            <line number="926" hits="0"/>
            <line number="941" hits="0"/>
            <line number="944" hits="0"/>
            <line number="947" hits="0"/>
            <line number="962" hits="0"/>
            <line number="965" hits="0"/>
            <line number="969" hits="0"/>
            <line number="970" hits="0"/>
            <line number="971" hits="0"/>
            <line number="972" hits="0"/>
            <line number="987" hits="0"/>
            <line number="990" hits="0"/>
            <line number="993" hits="0"/>
            <line number="1006" hits="0"/>
            <line number="1009" hits="0"/>
            <line number="1023" hits="0"/>
            <line number="1026" hits="0"/>
            <line number="1046" hits="0"/>
            <line number="1049" hits="0"/>
            <line number="1052" hits="0"/>
            <line number="1053" hits="0"/>
            <line number="1054" hits="0"/>
            <line number="1058" hits="0"/>
            <line number="1059" hits="0"/>
            <line number="1060" hits="0"/>
            <line number="1061" hits="0"/>
            <line number="1062" hits="0"/>
            <line number="1082" hits="0"/>
            <line number="1085" hits="0"/>
            <line number="1088" hits="0"/>
            <line number="1089" hits="0"/>
            <line number="1090" hits="0"/>
            <line number="1093" hits="0"/>
            <line number="1094" hits="0"/>
            <line number="1095" hits="0"/>
            <line number="1096" hits="0"/>
            <line number="1097" hits="0"/>
            <line number="1113" hits="0"/>
            <line number="1116" hits="0"/>
            <line number="1131" hits="0"/>
            <line number="1134" hits="0"/>
            <line number="1146" hits="2"/>
            <line number="1147" hits="2"/>
            <line number="1150" hits="2"/>
            <line number="1153" hits="2"/>
            <line number="1155" hits="2"/>
            <line number="1172" hits="11"/>
            <line number="1175" hits="11"/>
            <line number="1176" hits="9"/>
            <line number="1180" hits="5"/>
            <line number="1181" hits="0"/>
            <line number="1182" hits="0"/>
            <line number="1186" hits="5"/>
            <line number="1187" hits="0"/>
            <line number="1191" hits="5"/>
            <line number="1194" hits="5"/>
            <line number="1196" hits="5"/>
          </lines>
        </class>
      </classes>
    </package>
  </packages>
</coverage>
